{"meta": {"format": 3, "version": "7.11.0", "timestamp": "2025-11-07T18:56:27.029434", "branch_coverage": false, "show_contexts": false}, "files": {"app/__init__.py": {"executed_lines": [1, 6, 10, 13, 14, 15, 20], "summary": {"covered_lines": 6, "num_statements": 8, "percent_covered": 75.0, "percent_covered_display": "75", "missing_lines": 2, "excluded_lines": 0}, "missing_lines": [16, 18], "excluded_lines": [], "functions": {"": {"executed_lines": [1, 6, 10, 13, 14, 15, 20], "summary": {"covered_lines": 6, "num_statements": 8, "percent_covered": 75.0, "percent_covered_display": "75", "missing_lines": 2, "excluded_lines": 0}, "missing_lines": [16, 18], "excluded_lines": []}}, "classes": {"": {"executed_lines": [1, 6, 10, 13, 14, 15, 20], "summary": {"covered_lines": 6, "num_statements": 8, "percent_covered": 75.0, "percent_covered_display": "75", "missing_lines": 2, "excluded_lines": 0}, "missing_lines": [16, 18], "excluded_lines": []}}}, "app/api/__init__.py": {"executed_lines": [1], "summary": {"covered_lines": 0, "num_statements": 0, "percent_covered": 100.0, "percent_covered_display": "100", "missing_lines": 0, "excluded_lines": 0}, "missing_lines": [], "excluded_lines": [], "functions": {"": {"executed_lines": [1], "summary": {"covered_lines": 0, "num_statements": 0, "percent_covered": 100.0, "percent_covered_display": "100", "missing_lines": 0, "excluded_lines": 0}, "missing_lines": [], "excluded_lines": []}}, "classes": {"": {"executed_lines": [1], "summary": {"covered_lines": 0, "num_statements": 0, "percent_covered": 100.0, "percent_covered_display": "100", "missing_lines": 0, "excluded_lines": 0}, "missing_lines": [], "excluded_lines": []}}}, "app/api/deps.py": {"executed_lines": [1, 8, 11, 12, 13, 14, 17, 18, 19, 20, 21, 24, 27, 37, 43, 44, 47, 63, 64, 70, 71, 72, 73, 75, 76, 84, 85, 95, 107, 109, 110, 113, 114, 118, 119, 120, 121, 122, 125, 127, 128, 134, 156], "summary": {"covered_lines": 42, "num_statements": 60, "percent_covered": 70.0, "percent_covered_display": "70", "missing_lines": 18, "excluded_lines": 0}, "missing_lines": [33, 34, 82, 86, 87, 88, 111, 115, 123, 129, 130, 131, 148, 149, 153, 170, 171, 175], "excluded_lines": [], "functions": {"get_db": {"executed_lines": [], "summary": {"covered_lines": 0, "num_statements": 2, "percent_covered": 0.0, "percent_covered_display": "0", "missing_lines": 2, "excluded_lines": 0}, "missing_lines": [33, 34], "excluded_lines": []}, "get_sync_session": {"executed_lines": [43, 44], "summary": {"covered_lines": 2, "num_statements": 2, "percent_covered": 100.0, "percent_covered_display": "100", "missing_lines": 0, "excluded_lines": 0}, "missing_lines": [], "excluded_lines": []}, "get_current_user": {"executed_lines": [63, 64, 70, 71, 72, 73, 75, 76, 84, 85], "summary": {"covered_lines": 10, "num_statements": 14, "percent_covered": 71.42857142857143, "percent_covered_display": "71", "missing_lines": 4, "excluded_lines": 0}, "missing_lines": [82, 86, 87, 88], "excluded_lines": []}, "get_current_user_from_token": {"executed_lines": [107, 109, 110, 113, 114, 118, 119, 120, 121, 122, 125, 127, 128], "summary": {"covered_lines": 13, "num_statements": 19, "percent_covered": 68.42105263157895, "percent_covered_display": "68", "missing_lines": 6, "excluded_lines": 0}, "missing_lines": [111, 115, 123, 129, 130, 131], "excluded_lines": []}, "get_current_active_user": {"executed_lines": [], "summary": {"covered_lines": 0, "num_statements": 3, "percent_covered": 0.0, "percent_covered_display": "0", "missing_lines": 3, "excluded_lines": 0}, "missing_lines": [148, 149, 153], "excluded_lines": []}, "require_admin": {"executed_lines": [], "summary": {"covered_lines": 0, "num_statements": 3, "percent_covered": 0.0, "percent_covered_display": "0", "missing_lines": 3, "excluded_lines": 0}, "missing_lines": [170, 171, 175], "excluded_lines": []}, "": {"executed_lines": [1, 8, 11, 12, 13, 14, 17, 18, 19, 20, 21, 24, 27, 37, 47, 95, 134, 156], "summary": {"covered_lines": 17, "num_statements": 17, "percent_covered": 100.0, "percent_covered_display": "100", "missing_lines": 0, "excluded_lines": 0}, "missing_lines": [], "excluded_lines": []}}, "classes": {"": {"executed_lines": [1, 8, 11, 12, 13, 14, 17, 18, 19, 20, 21, 24, 27, 37, 43, 44, 47, 63, 64, 70, 71, 72, 73, 75, 76, 84, 85, 95, 107, 109, 110, 113, 114, 118, 119, 120, 121, 122, 125, 127, 128, 134, 156], "summary": {"covered_lines": 42, "num_statements": 60, "percent_covered": 70.0, "percent_covered_display": "70", "missing_lines": 18, "excluded_lines": 0}, "missing_lines": [33, 34, 82, 86, 87, 88, 111, 115, 123, 129, 130, 131, 148, 149, 153, 170, 171, 175], "excluded_lines": []}}}, "app/api/v1/__init__.py": {"executed_lines": [1, 2, 4, 6, 9, 12, 15, 18, 21, 24, 27, 30, 33, 36, 39], "summary": {"covered_lines": 14, "num_statements": 14, "percent_covered": 100.0, "percent_covered_display": "100", "missing_lines": 0, "excluded_lines": 0}, "missing_lines": [], "excluded_lines": [], "functions": {"": {"executed_lines": [1, 2, 4, 6, 9, 12, 15, 18, 21, 24, 27, 30, 33, 36, 39], "summary": {"covered_lines": 14, "num_statements": 14, "percent_covered": 100.0, "percent_covered_display": "100", "missing_lines": 0, "excluded_lines": 0}, "missing_lines": [], "excluded_lines": []}}, "classes": {"": {"executed_lines": [1, 2, 4, 6, 9, 12, 15, 18, 21, 24, 27, 30, 33, 36, 39], "summary": {"covered_lines": 14, "num_statements": 14, "percent_covered": 100.0, "percent_covered_display": "100", "missing_lines": 0, "excluded_lines": 0}, "missing_lines": [], "excluded_lines": []}}}, "app/api/v1/audio.py": {"executed_lines": [1, 12, 15, 16, 17, 20, 21, 22, 23, 24, 25, 27, 32, 33, 34, 35, 36, 39, 40, 41, 44, 45, 46, 47, 48, 49, 50, 55, 56, 139, 140, 235, 236], "summary": {"covered_lines": 29, "num_statements": 119, "percent_covered": 24.369747899159663, "percent_covered_display": "24", "missing_lines": 90, "excluded_lines": 0}, "missing_lines": [78, 80, 82, 83, 86, 87, 88, 89, 90, 91, 92, 93, 95, 96, 97, 98, 99, 101, 102, 104, 105, 107, 108, 111, 114, 116, 126, 128, 129, 134, 156, 158, 159, 160, 161, 162, 163, 164, 165, 166, 168, 169, 170, 171, 172, 173, 175, 176, 182, 183, 189, 190, 197, 200, 206, 218, 226, 227, 232, 252, 254, 255, 256, 257, 258, 259, 260, 261, 262, 263, 264, 265, 266, 267, 268, 270, 271, 277, 278, 284, 285, 292, 295, 296, 301, 303, 314, 319, 320, 325], "excluded_lines": [], "functions": {"create_transcription": {"executed_lines": [], "summary": {"covered_lines": 0, "num_statements": 30, "percent_covered": 0.0, "percent_covered_display": "0", "missing_lines": 30, "excluded_lines": 0}, "missing_lines": [78, 80, 82, 83, 86, 87, 88, 89, 90, 91, 92, 93, 95, 96, 97, 98, 99, 101, 102, 104, 105, 107, 108, 111, 114, 116, 126, 128, 129, 134], "excluded_lines": []}, "create_speech": {"executed_lines": [], "summary": {"covered_lines": 0, "num_statements": 29, "percent_covered": 0.0, "percent_covered_display": "0", "missing_lines": 29, "excluded_lines": 0}, "missing_lines": [156, 158, 159, 160, 161, 162, 163, 164, 165, 166, 168, 169, 170, 171, 172, 173, 175, 176, 182, 183, 189, 190, 197, 200, 206, 218, 226, 227, 232], "excluded_lines": []}, "create_speech_stream": {"executed_lines": [], "summary": {"covered_lines": 0, "num_statements": 29, "percent_covered": 0.0, "percent_covered_display": "0", "missing_lines": 29, "excluded_lines": 0}, "missing_lines": [252, 254, 255, 256, 257, 258, 259, 260, 261, 262, 263, 264, 265, 266, 267, 268, 270, 271, 277, 278, 284, 285, 292, 295, 303, 314, 319, 320, 325], "excluded_lines": []}, "create_speech_stream.generate_audio_stream": {"executed_lines": [], "summary": {"covered_lines": 0, "num_statements": 2, "percent_covered": 0.0, "percent_covered_display": "0", "missing_lines": 2, "excluded_lines": 0}, "missing_lines": [296, 301], "excluded_lines": []}, "": {"executed_lines": [1, 12, 15, 16, 17, 20, 21, 22, 23, 24, 25, 27, 32, 33, 34, 35, 36, 39, 40, 41, 44, 45, 46, 47, 48, 49, 50, 55, 56, 139, 140, 235, 236], "summary": {"covered_lines": 29, "num_statements": 29, "percent_covered": 100.0, "percent_covered_display": "100", "missing_lines": 0, "excluded_lines": 0}, "missing_lines": [], "excluded_lines": []}}, "classes": {"TranscriptionRequest": {"executed_lines": [], "summary": {"covered_lines": 0, "num_statements": 0, "percent_covered": 100.0, "percent_covered_display": "100", "missing_lines": 0, "excluded_lines": 0}, "missing_lines": [], "excluded_lines": []}, "TranscriptionResponse": {"executed_lines": [], "summary": {"covered_lines": 0, "num_statements": 0, "percent_covered": 100.0, "percent_covered_display": "100", "missing_lines": 0, "excluded_lines": 0}, "missing_lines": [], "excluded_lines": []}, "SpeechRequest": {"executed_lines": [], "summary": {"covered_lines": 0, "num_statements": 0, "percent_covered": 100.0, "percent_covered_display": "100", "missing_lines": 0, "excluded_lines": 0}, "missing_lines": [], "excluded_lines": []}, "": {"executed_lines": [1, 12, 15, 16, 17, 20, 21, 22, 23, 24, 25, 27, 32, 33, 34, 35, 36, 39, 40, 41, 44, 45, 46, 47, 48, 49, 50, 55, 56, 139, 140, 235, 236], "summary": {"covered_lines": 29, "num_statements": 119, "percent_covered": 24.369747899159663, "percent_covered_display": "24", "missing_lines": 90, "excluded_lines": 0}, "missing_lines": [78, 80, 82, 83, 86, 87, 88, 89, 90, 91, 92, 93, 95, 96, 97, 98, 99, 101, 102, 104, 105, 107, 108, 111, 114, 116, 126, 128, 129, 134, 156, 158, 159, 160, 161, 162, 163, 164, 165, 166, 168, 169, 170, 171, 172, 173, 175, 176, 182, 183, 189, 190, 197, 200, 206, 218, 226, 227, 232, 252, 254, 255, 256, 257, 258, 259, 260, 261, 262, 263, 264, 265, 266, 267, 268, 270, 271, 277, 278, 284, 285, 292, 295, 296, 301, 303, 314, 319, 320, 325], "excluded_lines": []}}}, "app/api/v1/auth.py": {"executed_lines": [1, 8, 11, 12, 13, 16, 17, 18, 19, 20, 22, 23, 28, 29, 30, 33, 34, 35, 36, 41, 42, 60, 61, 64, 65, 66, 72, 73, 80, 81, 83, 91, 92, 93, 94, 103, 104, 111, 117, 122, 127, 128], "summary": {"covered_lines": 39, "num_statements": 48, "percent_covered": 81.25, "percent_covered_display": "81", "missing_lines": 9, "excluded_lines": 0}, "missing_lines": [74, 84, 96, 97, 98, 105, 129, 130, 131], "excluded_lines": [], "functions": {"refresh_token": {"executed_lines": [60, 61, 64, 65, 66, 72, 73, 80, 81, 83, 91, 92, 93, 94, 103, 104, 111, 117, 122, 127, 128], "summary": {"covered_lines": 21, "num_statements": 30, "percent_covered": 70.0, "percent_covered_display": "70", "missing_lines": 9, "excluded_lines": 0}, "missing_lines": [74, 84, 96, 97, 98, 105, 129, 130, 131], "excluded_lines": []}, "": {"executed_lines": [1, 8, 11, 12, 13, 16, 17, 18, 19, 20, 22, 23, 28, 29, 30, 33, 34, 35, 36, 41, 42], "summary": {"covered_lines": 18, "num_statements": 18, "percent_covered": 100.0, "percent_covered_display": "100", "missing_lines": 0, "excluded_lines": 0}, "missing_lines": [], "excluded_lines": []}}, "classes": {"RefreshTokenRequest": {"executed_lines": [], "summary": {"covered_lines": 0, "num_statements": 0, "percent_covered": 100.0, "percent_covered_display": "100", "missing_lines": 0, "excluded_lines": 0}, "missing_lines": [], "excluded_lines": []}, "RefreshTokenResponse": {"executed_lines": [], "summary": {"covered_lines": 0, "num_statements": 0, "percent_covered": 100.0, "percent_covered_display": "100", "missing_lines": 0, "excluded_lines": 0}, "missing_lines": [], "excluded_lines": []}, "": {"executed_lines": [1, 8, 11, 12, 13, 16, 17, 18, 19, 20, 22, 23, 28, 29, 30, 33, 34, 35, 36, 41, 42, 60, 61, 64, 65, 66, 72, 73, 80, 81, 83, 91, 92, 93, 94, 103, 104, 111, 117, 122, 127, 128], "summary": {"covered_lines": 39, "num_statements": 48, "percent_covered": 81.25, "percent_covered_display": "81", "missing_lines": 9, "excluded_lines": 0}, "missing_lines": [74, 84, 96, 97, 98, 105, 129, 130, 131], "excluded_lines": []}}}, "app/api/v1/chat.py": {"executed_lines": [1, 8, 9, 12, 13, 16, 17, 26, 28, 31, 32, 47, 49, 55, 67, 68, 70, 71, 82, 94, 106, 114, 146, 147, 153, 154, 156, 169, 170, 177, 212], "summary": {"covered_lines": 30, "num_statements": 45, "percent_covered": 66.66666666666667, "percent_covered_display": "67", "missing_lines": 15, "excluded_lines": 0}, "missing_lines": [78, 79, 84, 85, 86, 92, 132, 133, 134, 138, 139, 140, 161, 162, 163], "excluded_lines": [], "functions": {"create_chat_completion": {"executed_lines": [47, 49, 55, 67, 68, 94, 106, 114], "summary": {"covered_lines": 8, "num_statements": 14, "percent_covered": 57.142857142857146, "percent_covered_display": "57", "missing_lines": 6, "excluded_lines": 0}, "missing_lines": [132, 133, 134, 138, 139, 140], "excluded_lines": []}, "create_chat_completion.generate_stream": {"executed_lines": [70, 71, 82], "summary": {"covered_lines": 3, "num_statements": 9, "percent_covered": 33.333333333333336, "percent_covered_display": "33", "missing_lines": 6, "excluded_lines": 0}, "missing_lines": [78, 79, 84, 85, 86, 92], "excluded_lines": []}, "list_engines": {"executed_lines": [153, 154, 156], "summary": {"covered_lines": 3, "num_statements": 6, "percent_covered": 50.0, "percent_covered_display": "50", "missing_lines": 3, "excluded_lines": 0}, "missing_lines": [161, 162, 163], "excluded_lines": []}, "list_models": {"executed_lines": [177, 212], "summary": {"covered_lines": 2, "num_statements": 2, "percent_covered": 100.0, "percent_covered_display": "100", "missing_lines": 0, "excluded_lines": 0}, "missing_lines": [], "excluded_lines": []}, "": {"executed_lines": [1, 8, 9, 12, 13, 16, 17, 26, 28, 31, 32, 146, 147, 169, 170], "summary": {"covered_lines": 14, "num_statements": 14, "percent_covered": 100.0, "percent_covered_display": "100", "missing_lines": 0, "excluded_lines": 0}, "missing_lines": [], "excluded_lines": []}}, "classes": {"": {"executed_lines": [1, 8, 9, 12, 13, 16, 17, 26, 28, 31, 32, 47, 49, 55, 67, 68, 70, 71, 82, 94, 106, 114, 146, 147, 153, 154, 156, 169, 170, 177, 212], "summary": {"covered_lines": 30, "num_statements": 45, "percent_covered": 66.66666666666667, "percent_covered_display": "67", "missing_lines": 15, "excluded_lines": 0}, "missing_lines": [78, 79, 84, 85, 86, 92, 132, 133, 134, 138, 139, 140, 161, 162, 163], "excluded_lines": []}}}, "app/api/v1/health.py": {"executed_lines": [1, 8, 9, 12, 13, 14, 17, 18, 19, 20, 22, 25, 26, 57, 58], "summary": {"covered_lines": 14, "num_statements": 24, "percent_covered": 58.333333333333336, "percent_covered_display": "58", "missing_lines": 10, "excluded_lines": 0}, "missing_lines": [37, 39, 40, 41, 42, 43, 45, 53, 54, 64], "excluded_lines": [], "functions": {"health_check": {"executed_lines": [], "summary": {"covered_lines": 0, "num_statements": 9, "percent_covered": 0.0, "percent_covered_display": "0", "missing_lines": 9, "excluded_lines": 0}, "missing_lines": [37, 39, 40, 41, 42, 43, 45, 53, 54], "excluded_lines": []}, "root": {"executed_lines": [], "summary": {"covered_lines": 0, "num_statements": 1, "percent_covered": 0.0, "percent_covered_display": "0", "missing_lines": 1, "excluded_lines": 0}, "missing_lines": [64], "excluded_lines": []}, "": {"executed_lines": [1, 8, 9, 12, 13, 14, 17, 18, 19, 20, 22, 25, 26, 57, 58], "summary": {"covered_lines": 14, "num_statements": 14, "percent_covered": 100.0, "percent_covered_display": "100", "missing_lines": 0, "excluded_lines": 0}, "missing_lines": [], "excluded_lines": []}}, "classes": {"": {"executed_lines": [1, 8, 9, 12, 13, 14, 17, 18, 19, 20, 22, 25, 26, 57, 58], "summary": {"covered_lines": 14, "num_statements": 24, "percent_covered": 58.333333333333336, "percent_covered_display": "58", "missing_lines": 10, "excluded_lines": 0}, "missing_lines": [37, 39, 40, 41, 42, 43, 45, 53, 54, 64], "excluded_lines": []}}}, "app/api/v1/memory.py": {"executed_lines": [1, 8, 11, 12, 15, 16, 24, 26, 29, 32, 33, 34, 37, 38, 47, 48, 58, 68, 69, 78, 80, 81, 83, 86, 96, 105, 118, 119, 128, 129, 130, 140, 141, 151, 152, 154, 155, 172, 173, 183, 184, 186, 200, 201], "summary": {"covered_lines": 42, "num_statements": 70, "percent_covered": 60.0, "percent_covered_display": "60", "missing_lines": 28, "excluded_lines": 0}, "missing_lines": [60, 61, 62, 82, 84, 110, 111, 112, 132, 133, 134, 157, 162, 163, 164, 165, 166, 192, 193, 194, 203, 204, 206, 207, 209, 211, 212, 213], "excluded_lines": [], "functions": {"create_memory": {"executed_lines": [47, 48, 58], "summary": {"covered_lines": 3, "num_statements": 6, "percent_covered": 50.0, "percent_covered_display": "50", "missing_lines": 3, "excluded_lines": 0}, "missing_lines": [60, 61, 62], "excluded_lines": []}, "search_memories": {"executed_lines": [78, 80, 81, 83, 86, 96, 105], "summary": {"covered_lines": 7, "num_statements": 12, "percent_covered": 58.333333333333336, "percent_covered_display": "58", "missing_lines": 5, "excluded_lines": 0}, "missing_lines": [82, 84, 110, 111, 112], "excluded_lines": []}, "get_memory_stats": {"executed_lines": [128, 129, 130], "summary": {"covered_lines": 3, "num_statements": 6, "percent_covered": 50.0, "percent_covered_display": "50", "missing_lines": 3, "excluded_lines": 0}, "missing_lines": [132, 133, 134], "excluded_lines": []}, "delete_memory": {"executed_lines": [151, 152, 154, 155], "summary": {"covered_lines": 4, "num_statements": 10, "percent_covered": 40.0, "percent_covered_display": "40", "missing_lines": 6, "excluded_lines": 0}, "missing_lines": [157, 162, 163, 164, 165, 166], "excluded_lines": []}, "delete_session_memories": {"executed_lines": [183, 184, 186], "summary": {"covered_lines": 3, "num_statements": 6, "percent_covered": 50.0, "percent_covered_display": "50", "missing_lines": 3, "excluded_lines": 0}, "missing_lines": [192, 193, 194], "excluded_lines": []}, "memory_health_check": {"executed_lines": [], "summary": {"covered_lines": 0, "num_statements": 8, "percent_covered": 0.0, "percent_covered_display": "0", "missing_lines": 8, "excluded_lines": 0}, "missing_lines": [203, 204, 206, 207, 209, 211, 212, 213], "excluded_lines": []}, "": {"executed_lines": [1, 8, 11, 12, 15, 16, 24, 26, 29, 32, 33, 34, 37, 38, 68, 69, 118, 119, 140, 141, 172, 173, 200, 201], "summary": {"covered_lines": 22, "num_statements": 22, "percent_covered": 100.0, "percent_covered_display": "100", "missing_lines": 0, "excluded_lines": 0}, "missing_lines": [], "excluded_lines": []}}, "classes": {"MemoryCreateResponse": {"executed_lines": [], "summary": {"covered_lines": 0, "num_statements": 0, "percent_covered": 100.0, "percent_covered_display": "100", "missing_lines": 0, "excluded_lines": 0}, "missing_lines": [], "excluded_lines": []}, "": {"executed_lines": [1, 8, 11, 12, 15, 16, 24, 26, 29, 32, 33, 34, 37, 38, 47, 48, 58, 68, 69, 78, 80, 81, 83, 86, 96, 105, 118, 119, 128, 129, 130, 140, 141, 151, 152, 154, 155, 172, 173, 183, 184, 186, 200, 201], "summary": {"covered_lines": 42, "num_statements": 70, "percent_covered": 60.0, "percent_covered_display": "60", "missing_lines": 28, "excluded_lines": 0}, "missing_lines": [60, 61, 62, 82, 84, 110, 111, 112, 132, 133, 134, 157, 162, 163, 164, 165, 166, 192, 193, 194, 203, 204, 206, 207, 209, 211, 212, 213], "excluded_lines": []}}}, "app/api/v1/models.py": {"executed_lines": [1, 8, 11, 12, 15, 16, 17, 18, 20, 25, 26, 27, 28, 29, 30, 31, 32, 35, 36, 37, 40, 41, 42, 43, 48, 49, 120, 121], "summary": {"covered_lines": 24, "num_statements": 70, "percent_covered": 34.285714285714285, "percent_covered_display": "34", "missing_lines": 46, "excluded_lines": 0}, "missing_lines": [62, 64, 66, 69, 70, 72, 75, 76, 79, 82, 83, 95, 96, 100, 102, 107, 112, 113, 114, 137, 139, 140, 142, 143, 144, 147, 148, 150, 152, 154, 155, 156, 158, 170, 172, 173, 177, 179, 180, 185, 190, 192, 193, 194, 195, 196], "excluded_lines": [], "functions": {"list_models": {"executed_lines": [], "summary": {"covered_lines": 0, "num_statements": 19, "percent_covered": 0.0, "percent_covered_display": "0", "missing_lines": 19, "excluded_lines": 0}, "missing_lines": [62, 64, 66, 69, 70, 72, 75, 76, 79, 82, 83, 95, 96, 100, 102, 107, 112, 113, 114], "excluded_lines": []}, "get_model": {"executed_lines": [], "summary": {"covered_lines": 0, "num_statements": 27, "percent_covered": 0.0, "percent_covered_display": "0", "missing_lines": 27, "excluded_lines": 0}, "missing_lines": [137, 139, 140, 142, 143, 144, 147, 148, 150, 152, 154, 155, 156, 158, 170, 172, 173, 177, 179, 180, 185, 190, 192, 193, 194, 195, 196], "excluded_lines": []}, "": {"executed_lines": [1, 8, 11, 12, 15, 16, 17, 18, 20, 25, 26, 27, 28, 29, 30, 31, 32, 35, 36, 37, 40, 41, 42, 43, 48, 49, 120, 121], "summary": {"covered_lines": 24, "num_statements": 24, "percent_covered": 100.0, "percent_covered_display": "100", "missing_lines": 0, "excluded_lines": 0}, "missing_lines": [], "excluded_lines": []}}, "classes": {"ModelInfo": {"executed_lines": [], "summary": {"covered_lines": 0, "num_statements": 0, "percent_covered": 100.0, "percent_covered_display": "100", "missing_lines": 0, "excluded_lines": 0}, "missing_lines": [], "excluded_lines": []}, "ModelDetail": {"executed_lines": [], "summary": {"covered_lines": 0, "num_statements": 0, "percent_covered": 100.0, "percent_covered_display": "100", "missing_lines": 0, "excluded_lines": 0}, "missing_lines": [], "excluded_lines": []}, "ModelsListResponse": {"executed_lines": [], "summary": {"covered_lines": 0, "num_statements": 0, "percent_covered": 100.0, "percent_covered_display": "100", "missing_lines": 0, "excluded_lines": 0}, "missing_lines": [], "excluded_lines": []}, "": {"executed_lines": [1, 8, 11, 12, 15, 16, 17, 18, 20, 25, 26, 27, 28, 29, 30, 31, 32, 35, 36, 37, 40, 41, 42, 43, 48, 49, 120, 121], "summary": {"covered_lines": 24, "num_statements": 70, "percent_covered": 34.285714285714285, "percent_covered_display": "34", "missing_lines": 46, "excluded_lines": 0}, "missing_lines": [62, 64, 66, 69, 70, 72, 75, 76, 79, 82, 83, 95, 96, 100, 102, 107, 112, 113, 114, 137, 139, 140, 142, 143, 144, 147, 148, 150, 152, 154, 155, 156, 158, 170, 172, 173, 177, 179, 180, 185, 190, 192, 193, 194, 195, 196], "excluded_lines": []}}}, "app/api/v1/personalities.py": {"executed_lines": [1, 8, 11, 12, 15, 16, 17, 18, 19, 21, 26, 27, 28, 29, 30, 31, 32, 33, 34, 37, 38, 39, 40, 43, 44, 45, 46, 47, 48, 49, 52, 53, 54, 55, 56, 59, 60, 61, 62, 63, 64, 67, 68, 69, 70, 71, 74, 75, 76, 77, 78, 83, 84, 130, 131, 180, 181, 238, 239], "summary": {"covered_lines": 51, "num_statements": 100, "percent_covered": 51.0, "percent_covered_display": "51", "missing_lines": 49, "excluded_lines": 0}, "missing_lines": [95, 96, 97, 99, 112, 117, 122, 123, 124, 147, 148, 149, 151, 152, 157, 162, 170, 171, 172, 173, 174, 197, 198, 201, 208, 210, 218, 225, 226, 230, 231, 232, 257, 258, 261, 262, 263, 264, 265, 266, 267, 269, 271, 279, 285, 286, 290, 291, 292], "excluded_lines": [], "functions": {"list_personalities": {"executed_lines": [], "summary": {"covered_lines": 0, "num_statements": 9, "percent_covered": 0.0, "percent_covered_display": "0", "missing_lines": 9, "excluded_lines": 0}, "missing_lines": [95, 96, 97, 99, 112, 117, 122, 123, 124], "excluded_lines": []}, "get_personality": {"executed_lines": [], "summary": {"covered_lines": 0, "num_statements": 12, "percent_covered": 0.0, "percent_covered_display": "0", "missing_lines": 12, "excluded_lines": 0}, "missing_lines": [147, 148, 149, 151, 152, 157, 162, 170, 171, 172, 173, 174], "excluded_lines": []}, "create_personality": {"executed_lines": [], "summary": {"covered_lines": 0, "num_statements": 11, "percent_covered": 0.0, "percent_covered_display": "0", "missing_lines": 11, "excluded_lines": 0}, "missing_lines": [197, 198, 201, 208, 210, 218, 225, 226, 230, 231, 232], "excluded_lines": []}, "update_personality": {"executed_lines": [], "summary": {"covered_lines": 0, "num_statements": 17, "percent_covered": 0.0, "percent_covered_display": "0", "missing_lines": 17, "excluded_lines": 0}, "missing_lines": [257, 258, 261, 262, 263, 264, 265, 266, 267, 269, 271, 279, 285, 286, 290, 291, 292], "excluded_lines": []}, "": {"executed_lines": [1, 8, 11, 12, 15, 16, 17, 18, 19, 21, 26, 27, 28, 29, 30, 31, 32, 33, 34, 37, 38, 39, 40, 43, 44, 45, 46, 47, 48, 49, 52, 53, 54, 55, 56, 59, 60, 61, 62, 63, 64, 67, 68, 69, 70, 71, 74, 75, 76, 77, 78, 83, 84, 130, 131, 180, 181, 238, 239], "summary": {"covered_lines": 51, "num_statements": 51, "percent_covered": 100.0, "percent_covered_display": "100", "missing_lines": 0, "excluded_lines": 0}, "missing_lines": [], "excluded_lines": []}}, "classes": {"PersonalityListItem": {"executed_lines": [], "summary": {"covered_lines": 0, "num_statements": 0, "percent_covered": 100.0, "percent_covered_display": "100", "missing_lines": 0, "excluded_lines": 0}, "missing_lines": [], "excluded_lines": []}, "PersonalityListResponse": {"executed_lines": [], "summary": {"covered_lines": 0, "num_statements": 0, "percent_covered": 100.0, "percent_covered_display": "100", "missing_lines": 0, "excluded_lines": 0}, "missing_lines": [], "excluded_lines": []}, "PersonalityDetailResponse": {"executed_lines": [], "summary": {"covered_lines": 0, "num_statements": 0, "percent_covered": 100.0, "percent_covered_display": "100", "missing_lines": 0, "excluded_lines": 0}, "missing_lines": [], "excluded_lines": []}, "CreatePersonalityRequest": {"executed_lines": [], "summary": {"covered_lines": 0, "num_statements": 0, "percent_covered": 100.0, "percent_covered_display": "100", "missing_lines": 0, "excluded_lines": 0}, "missing_lines": [], "excluded_lines": []}, "CreatePersonalityResponse": {"executed_lines": [], "summary": {"covered_lines": 0, "num_statements": 0, "percent_covered": 100.0, "percent_covered_display": "100", "missing_lines": 0, "excluded_lines": 0}, "missing_lines": [], "excluded_lines": []}, "UpdatePersonalityRequest": {"executed_lines": [], "summary": {"covered_lines": 0, "num_statements": 0, "percent_covered": 100.0, "percent_covered_display": "100", "missing_lines": 0, "excluded_lines": 0}, "missing_lines": [], "excluded_lines": []}, "UpdatePersonalityResponse": {"executed_lines": [], "summary": {"covered_lines": 0, "num_statements": 0, "percent_covered": 100.0, "percent_covered_display": "100", "missing_lines": 0, "excluded_lines": 0}, "missing_lines": [], "excluded_lines": []}, "": {"executed_lines": [1, 8, 11, 12, 15, 16, 17, 18, 19, 21, 26, 27, 28, 29, 30, 31, 32, 33, 34, 37, 38, 39, 40, 43, 44, 45, 46, 47, 48, 49, 52, 53, 54, 55, 56, 59, 60, 61, 62, 63, 64, 67, 68, 69, 70, 71, 74, 75, 76, 77, 78, 83, 84, 130, 131, 180, 181, 238, 239], "summary": {"covered_lines": 51, "num_statements": 100, "percent_covered": 51.0, "percent_covered_display": "51", "missing_lines": 49, "excluded_lines": 0}, "missing_lines": [95, 96, 97, 99, 112, 117, 122, 123, 124, 147, 148, 149, 151, 152, 157, 162, 170, 171, 172, 173, 174, 197, 198, 201, 208, 210, 218, 225, 226, 230, 231, 232, 257, 258, 261, 262, 263, 264, 265, 266, 267, 269, 271, 279, 285, 286, 290, 291, 292], "excluded_lines": []}}}, "app/api/v1/sessions.py": {"executed_lines": [1, 8, 9, 12, 13, 14, 15, 18, 19, 20, 21, 22, 23, 25, 30, 31, 32, 33, 36, 37, 38, 39, 40, 41, 44, 45, 46, 47, 48, 49, 50, 51, 52, 55, 56, 57, 58, 59, 60, 63, 64, 65, 66, 67, 68, 69, 72, 73, 74, 75, 76, 77, 78, 79, 82, 83, 84, 87, 88, 89, 90, 91, 94, 95, 96, 97, 102, 103, 169, 170, 257, 258, 341, 342, 416, 417], "summary": {"covered_lines": 66, "num_statements": 160, "percent_covered": 41.25, "percent_covered_display": "41", "missing_lines": 94, "excluded_lines": 0}, "missing_lines": [121, 123, 124, 125, 126, 132, 138, 139, 140, 142, 151, 158, 159, 160, 161, 162, 163, 193, 195, 203, 204, 207, 208, 209, 211, 214, 217, 218, 221, 224, 225, 226, 227, 237, 242, 249, 250, 251, 276, 277, 278, 281, 289, 290, 296, 301, 312, 317, 326, 327, 331, 332, 333, 334, 335, 362, 363, 364, 367, 375, 376, 382, 383, 385, 386, 387, 389, 394, 400, 401, 405, 406, 407, 408, 409, 410, 435, 436, 437, 440, 448, 449, 455, 456, 458, 463, 468, 469, 473, 474, 475, 476, 477, 478], "excluded_lines": [], "functions": {"create_session": {"executed_lines": [], "summary": {"covered_lines": 0, "num_statements": 17, "percent_covered": 0.0, "percent_covered_display": "0", "missing_lines": 17, "excluded_lines": 0}, "missing_lines": [121, 123, 124, 125, 126, 132, 138, 139, 140, 142, 151, 158, 159, 160, 161, 162, 163], "excluded_lines": []}, "list_sessions": {"executed_lines": [], "summary": {"covered_lines": 0, "num_statements": 21, "percent_covered": 0.0, "percent_covered_display": "0", "missing_lines": 21, "excluded_lines": 0}, "missing_lines": [193, 195, 203, 204, 207, 208, 209, 211, 214, 217, 218, 221, 224, 225, 226, 227, 237, 242, 249, 250, 251], "excluded_lines": []}, "get_session": {"executed_lines": [], "summary": {"covered_lines": 0, "num_statements": 17, "percent_covered": 0.0, "percent_covered_display": "0", "missing_lines": 17, "excluded_lines": 0}, "missing_lines": [276, 277, 278, 281, 289, 290, 296, 301, 312, 317, 326, 327, 331, 332, 333, 334, 335], "excluded_lines": []}, "update_session": {"executed_lines": [], "summary": {"covered_lines": 0, "num_statements": 21, "percent_covered": 0.0, "percent_covered_display": "0", "missing_lines": 21, "excluded_lines": 0}, "missing_lines": [362, 363, 364, 367, 375, 376, 382, 383, 385, 386, 387, 389, 394, 400, 401, 405, 406, 407, 408, 409, 410], "excluded_lines": []}, "delete_session": {"executed_lines": [], "summary": {"covered_lines": 0, "num_statements": 18, "percent_covered": 0.0, "percent_covered_display": "0", "missing_lines": 18, "excluded_lines": 0}, "missing_lines": [435, 436, 437, 440, 448, 449, 455, 456, 458, 463, 468, 469, 473, 474, 475, 476, 477, 478], "excluded_lines": []}, "": {"executed_lines": [1, 8, 9, 12, 13, 14, 15, 18, 19, 20, 21, 22, 23, 25, 30, 31, 32, 33, 36, 37, 38, 39, 40, 41, 44, 45, 46, 47, 48, 49, 50, 51, 52, 55, 56, 57, 58, 59, 60, 63, 64, 65, 66, 67, 68, 69, 72, 73, 74, 75, 76, 77, 78, 79, 82, 83, 84, 87, 88, 89, 90, 91, 94, 95, 96, 97, 102, 103, 169, 170, 257, 258, 341, 342, 416, 417], "summary": {"covered_lines": 66, "num_statements": 66, "percent_covered": 100.0, "percent_covered_display": "100", "missing_lines": 0, "excluded_lines": 0}, "missing_lines": [], "excluded_lines": []}}, "classes": {"CreateSessionRequest": {"executed_lines": [], "summary": {"covered_lines": 0, "num_statements": 0, "percent_covered": 100.0, "percent_covered_display": "100", "missing_lines": 0, "excluded_lines": 0}, "missing_lines": [], "excluded_lines": []}, "CreateSessionResponse": {"executed_lines": [], "summary": {"covered_lines": 0, "num_statements": 0, "percent_covered": 100.0, "percent_covered_display": "100", "missing_lines": 0, "excluded_lines": 0}, "missing_lines": [], "excluded_lines": []}, "SessionListItem": {"executed_lines": [], "summary": {"covered_lines": 0, "num_statements": 0, "percent_covered": 100.0, "percent_covered_display": "100", "missing_lines": 0, "excluded_lines": 0}, "missing_lines": [], "excluded_lines": []}, "SessionsListResponse": {"executed_lines": [], "summary": {"covered_lines": 0, "num_statements": 0, "percent_covered": 100.0, "percent_covered_display": "100", "missing_lines": 0, "excluded_lines": 0}, "missing_lines": [], "excluded_lines": []}, "MessageInfo": {"executed_lines": [], "summary": {"covered_lines": 0, "num_statements": 0, "percent_covered": 100.0, "percent_covered_display": "100", "missing_lines": 0, "excluded_lines": 0}, "missing_lines": [], "excluded_lines": []}, "SessionDetailResponse": {"executed_lines": [], "summary": {"covered_lines": 0, "num_statements": 0, "percent_covered": 100.0, "percent_covered_display": "100", "missing_lines": 0, "excluded_lines": 0}, "missing_lines": [], "excluded_lines": []}, "UpdateSessionRequest": {"executed_lines": [], "summary": {"covered_lines": 0, "num_statements": 0, "percent_covered": 100.0, "percent_covered_display": "100", "missing_lines": 0, "excluded_lines": 0}, "missing_lines": [], "excluded_lines": []}, "UpdateSessionResponse": {"executed_lines": [], "summary": {"covered_lines": 0, "num_statements": 0, "percent_covered": 100.0, "percent_covered_display": "100", "missing_lines": 0, "excluded_lines": 0}, "missing_lines": [], "excluded_lines": []}, "DeleteSessionResponse": {"executed_lines": [], "summary": {"covered_lines": 0, "num_statements": 0, "percent_covered": 100.0, "percent_covered_display": "100", "missing_lines": 0, "excluded_lines": 0}, "missing_lines": [], "excluded_lines": []}, "": {"executed_lines": [1, 8, 9, 12, 13, 14, 15, 18, 19, 20, 21, 22, 23, 25, 30, 31, 32, 33, 36, 37, 38, 39, 40, 41, 44, 45, 46, 47, 48, 49, 50, 51, 52, 55, 56, 57, 58, 59, 60, 63, 64, 65, 66, 67, 68, 69, 72, 73, 74, 75, 76, 77, 78, 79, 82, 83, 84, 87, 88, 89, 90, 91, 94, 95, 96, 97, 102, 103, 169, 170, 257, 258, 341, 342, 416, 417], "summary": {"covered_lines": 66, "num_statements": 160, "percent_covered": 41.25, "percent_covered_display": "41", "missing_lines": 94, "excluded_lines": 0}, "missing_lines": [121, 123, 124, 125, 126, 132, 138, 139, 140, 142, 151, 158, 159, 160, 161, 162, 163, 193, 195, 203, 204, 207, 208, 209, 211, 214, 217, 218, 221, 224, 225, 226, 227, 237, 242, 249, 250, 251, 276, 277, 278, 281, 289, 290, 296, 301, 312, 317, 326, 327, 331, 332, 333, 334, 335, 362, 363, 364, 367, 375, 376, 382, 383, 385, 386, 387, 389, 394, 400, 401, 405, 406, 407, 408, 409, 410, 435, 436, 437, 440, 448, 449, 455, 456, 458, 463, 468, 469, 473, 474, 475, 476, 477, 478], "excluded_lines": []}}}, "app/api/v1/tools.py": {"executed_lines": [1, 8, 11, 12, 15, 16, 17, 18, 19, 21, 26, 27, 28, 29, 30, 31, 32, 33, 36, 37, 38, 39, 42, 43, 44, 45, 48, 49, 50, 51, 52, 53, 58, 59, 135, 136], "summary": {"covered_lines": 31, "num_statements": 75, "percent_covered": 41.333333333333336, "percent_covered_display": "41", "missing_lines": 44, "excluded_lines": 0}, "missing_lines": [72, 73, 74, 77, 80, 81, 82, 83, 84, 85, 88, 89, 91, 94, 95, 96, 97, 98, 100, 101, 102, 110, 111, 115, 117, 122, 127, 128, 129, 152, 153, 154, 156, 159, 164, 166, 167, 172, 181, 188, 189, 190, 191, 192], "excluded_lines": [], "functions": {"list_tools": {"executed_lines": [], "summary": {"covered_lines": 0, "num_statements": 29, "percent_covered": 0.0, "percent_covered_display": "0", "missing_lines": 29, "excluded_lines": 0}, "missing_lines": [72, 73, 74, 77, 80, 81, 82, 83, 84, 85, 88, 89, 91, 94, 95, 96, 97, 98, 100, 101, 102, 110, 111, 115, 117, 122, 127, 128, 129], "excluded_lines": []}, "execute_tool": {"executed_lines": [], "summary": {"covered_lines": 0, "num_statements": 15, "percent_covered": 0.0, "percent_covered_display": "0", "missing_lines": 15, "excluded_lines": 0}, "missing_lines": [152, 153, 154, 156, 159, 164, 166, 167, 172, 181, 188, 189, 190, 191, 192], "excluded_lines": []}, "": {"executed_lines": [1, 8, 11, 12, 15, 16, 17, 18, 19, 21, 26, 27, 28, 29, 30, 31, 32, 33, 36, 37, 38, 39, 42, 43, 44, 45, 48, 49, 50, 51, 52, 53, 58, 59, 135, 136], "summary": {"covered_lines": 31, "num_statements": 31, "percent_covered": 100.0, "percent_covered_display": "100", "missing_lines": 0, "excluded_lines": 0}, "missing_lines": [], "excluded_lines": []}}, "classes": {"ToolInfo": {"executed_lines": [], "summary": {"covered_lines": 0, "num_statements": 0, "percent_covered": 100.0, "percent_covered_display": "100", "missing_lines": 0, "excluded_lines": 0}, "missing_lines": [], "excluded_lines": []}, "ToolsListResponse": {"executed_lines": [], "summary": {"covered_lines": 0, "num_statements": 0, "percent_covered": 100.0, "percent_covered_display": "100", "missing_lines": 0, "excluded_lines": 0}, "missing_lines": [], "excluded_lines": []}, "ExecuteToolRequest": {"executed_lines": [], "summary": {"covered_lines": 0, "num_statements": 0, "percent_covered": 100.0, "percent_covered_display": "100", "missing_lines": 0, "excluded_lines": 0}, "missing_lines": [], "excluded_lines": []}, "ExecuteToolResponse": {"executed_lines": [], "summary": {"covered_lines": 0, "num_statements": 0, "percent_covered": 100.0, "percent_covered_display": "100", "missing_lines": 0, "excluded_lines": 0}, "missing_lines": [], "excluded_lines": []}, "": {"executed_lines": [1, 8, 11, 12, 15, 16, 17, 18, 19, 21, 26, 27, 28, 29, 30, 31, 32, 33, 36, 37, 38, 39, 42, 43, 44, 45, 48, 49, 50, 51, 52, 53, 58, 59, 135, 136], "summary": {"covered_lines": 31, "num_statements": 75, "percent_covered": 41.333333333333336, "percent_covered_display": "41", "missing_lines": 44, "excluded_lines": 0}, "missing_lines": [72, 73, 74, 77, 80, 81, 82, 83, 84, 85, 88, 89, 91, 94, 95, 96, 97, 98, 100, 101, 102, 110, 111, 115, 117, 122, 127, 128, 129, 152, 153, 154, 156, 159, 164, 166, 167, 172, 181, 188, 189, 190, 191, 192], "excluded_lines": []}}}, "app/api/v1/users.py": {"executed_lines": [1, 8, 11, 12, 13, 16, 17, 18, 19, 20, 21, 23, 28, 29, 30, 31, 32, 33, 34, 37, 38, 39, 40, 43, 44, 45, 46, 47, 50, 51, 52, 53, 54, 55, 56, 59, 60, 61, 62, 63, 64, 65, 66, 67, 68, 69, 72, 73, 74, 75, 76, 77, 78, 83, 84, 127, 128, 166, 167, 191, 192, 243, 244, 260, 261, 306, 307, 355, 356], "summary": {"covered_lines": 62, "num_statements": 124, "percent_covered": 50.0, "percent_covered_display": "50", "missing_lines": 62, "excluded_lines": 0}, "missing_lines": [97, 98, 99, 106, 114, 115, 119, 120, 121, 141, 142, 143, 148, 149, 154, 156, 157, 158, 159, 160, 178, 207, 208, 209, 211, 216, 217, 222, 233, 234, 235, 236, 237, 255, 276, 277, 278, 280, 285, 286, 291, 296, 297, 298, 299, 300, 320, 321, 322, 324, 325, 336, 347, 348, 349, 369, 370, 371, 373, 375, 376, 377], "excluded_lines": [], "functions": {"register_user": {"executed_lines": [], "summary": {"covered_lines": 0, "num_statements": 9, "percent_covered": 0.0, "percent_covered_display": "0", "missing_lines": 9, "excluded_lines": 0}, "missing_lines": [97, 98, 99, 106, 114, 115, 119, 120, 121], "excluded_lines": []}, "login_user": {"executed_lines": [], "summary": {"covered_lines": 0, "num_statements": 11, "percent_covered": 0.0, "percent_covered_display": "0", "missing_lines": 11, "excluded_lines": 0}, "missing_lines": [141, 142, 143, 148, 149, 154, 156, 157, 158, 159, 160], "excluded_lines": []}, "get_current_user_info": {"executed_lines": [], "summary": {"covered_lines": 0, "num_statements": 1, "percent_covered": 0.0, "percent_covered_display": "0", "missing_lines": 1, "excluded_lines": 0}, "missing_lines": [178], "excluded_lines": []}, "update_current_user": {"executed_lines": [], "summary": {"covered_lines": 0, "num_statements": 12, "percent_covered": 0.0, "percent_covered_display": "0", "missing_lines": 12, "excluded_lines": 0}, "missing_lines": [207, 208, 209, 211, 216, 217, 222, 233, 234, 235, 236, 237], "excluded_lines": []}, "get_user_preferences": {"executed_lines": [], "summary": {"covered_lines": 0, "num_statements": 1, "percent_covered": 0.0, "percent_covered_display": "0", "missing_lines": 1, "excluded_lines": 0}, "missing_lines": [255], "excluded_lines": []}, "update_user_preferences": {"executed_lines": [], "summary": {"covered_lines": 0, "num_statements": 12, "percent_covered": 0.0, "percent_covered_display": "0", "missing_lines": 12, "excluded_lines": 0}, "missing_lines": [276, 277, 278, 280, 285, 286, 291, 296, 297, 298, 299, 300], "excluded_lines": []}, "get_user_profile": {"executed_lines": [], "summary": {"covered_lines": 0, "num_statements": 9, "percent_covered": 0.0, "percent_covered_display": "0", "missing_lines": 9, "excluded_lines": 0}, "missing_lines": [320, 321, 322, 324, 325, 336, 347, 348, 349], "excluded_lines": []}, "get_user_statistics": {"executed_lines": [], "summary": {"covered_lines": 0, "num_statements": 7, "percent_covered": 0.0, "percent_covered_display": "0", "missing_lines": 7, "excluded_lines": 0}, "missing_lines": [369, 370, 371, 373, 375, 376, 377], "excluded_lines": []}, "": {"executed_lines": [1, 8, 11, 12, 13, 16, 17, 18, 19, 20, 21, 23, 28, 29, 30, 31, 32, 33, 34, 37, 38, 39, 40, 43, 44, 45, 46, 47, 50, 51, 52, 53, 54, 55, 56, 59, 60, 61, 62, 63, 64, 65, 66, 67, 68, 69, 72, 73, 74, 75, 76, 77, 78, 83, 84, 127, 128, 166, 167, 191, 192, 243, 244, 260, 261, 306, 307, 355, 356], "summary": {"covered_lines": 62, "num_statements": 62, "percent_covered": 100.0, "percent_covered_display": "100", "missing_lines": 0, "excluded_lines": 0}, "missing_lines": [], "excluded_lines": []}}, "classes": {"UserRegisterRequest": {"executed_lines": [], "summary": {"covered_lines": 0, "num_statements": 0, "percent_covered": 100.0, "percent_covered_display": "100", "missing_lines": 0, "excluded_lines": 0}, "missing_lines": [], "excluded_lines": []}, "UserLoginRequest": {"executed_lines": [], "summary": {"covered_lines": 0, "num_statements": 0, "percent_covered": 100.0, "percent_covered_display": "100", "missing_lines": 0, "excluded_lines": 0}, "missing_lines": [], "excluded_lines": []}, "UserUpdateRequest": {"executed_lines": [], "summary": {"covered_lines": 0, "num_statements": 0, "percent_covered": 100.0, "percent_covered_display": "100", "missing_lines": 0, "excluded_lines": 0}, "missing_lines": [], "excluded_lines": []}, "UserPreferencesUpdateRequest": {"executed_lines": [], "summary": {"covered_lines": 0, "num_statements": 0, "percent_covered": 100.0, "percent_covered_display": "100", "missing_lines": 0, "excluded_lines": 0}, "missing_lines": [], "excluded_lines": []}, "UserResponse": {"executed_lines": [], "summary": {"covered_lines": 0, "num_statements": 0, "percent_covered": 100.0, "percent_covered_display": "100", "missing_lines": 0, "excluded_lines": 0}, "missing_lines": [], "excluded_lines": []}, "AuthResponse": {"executed_lines": [], "summary": {"covered_lines": 0, "num_statements": 0, "percent_covered": 100.0, "percent_covered_display": "100", "missing_lines": 0, "excluded_lines": 0}, "missing_lines": [], "excluded_lines": []}, "": {"executed_lines": [1, 8, 11, 12, 13, 16, 17, 18, 19, 20, 21, 23, 28, 29, 30, 31, 32, 33, 34, 37, 38, 39, 40, 43, 44, 45, 46, 47, 50, 51, 52, 53, 54, 55, 56, 59, 60, 61, 62, 63, 64, 65, 66, 67, 68, 69, 72, 73, 74, 75, 76, 77, 78, 83, 84, 127, 128, 166, 167, 191, 192, 243, 244, 260, 261, 306, 307, 355, 356], "summary": {"covered_lines": 62, "num_statements": 124, "percent_covered": 50.0, "percent_covered_display": "50", "missing_lines": 62, "excluded_lines": 0}, "missing_lines": [97, 98, 99, 106, 114, 115, 119, 120, 121, 141, 142, 143, 148, 149, 154, 156, 157, 158, 159, 160, 178, 207, 208, 209, 211, 216, 217, 222, 233, 234, 235, 236, 237, 255, 276, 277, 278, 280, 285, 286, 291, 296, 297, 298, 299, 300, 320, 321, 322, 324, 325, 336, 347, 348, 349, 369, 370, 371, 373, 375, 376, 377], "excluded_lines": []}}}, "app/api/v1/websocket.py": {"executed_lines": [1, 21, 22, 25, 26, 29, 30, 31, 32, 33, 35, 38, 39, 56, 58, 59, 61, 63, 64, 65, 70, 71, 72, 73, 75, 76, 77, 190, 196], "summary": {"covered_lines": 28, "num_statements": 82, "percent_covered": 34.146341463414636, "percent_covered_display": "34", "missing_lines": 54, "excluded_lines": 0}, "missing_lines": [66, 80, 81, 82, 83, 84, 85, 86, 87, 88, 90, 92, 94, 97, 99, 109, 112, 119, 120, 122, 124, 126, 127, 129, 131, 132, 136, 138, 140, 141, 143, 144, 146, 148, 150, 152, 154, 155, 157, 159, 160, 164, 165, 166, 171, 176, 177, 182, 183, 187, 191, 192, 193, 194], "excluded_lines": [], "functions": {"websocket_realtime": {"executed_lines": [56, 58, 59, 61, 63, 64, 65, 70, 71, 72, 73, 75, 76, 77, 190, 196], "summary": {"covered_lines": 16, "num_statements": 70, "percent_covered": 22.857142857142858, "percent_covered_display": "23", "missing_lines": 54, "excluded_lines": 0}, "missing_lines": [66, 80, 81, 82, 83, 84, 85, 86, 87, 88, 90, 92, 94, 97, 99, 109, 112, 119, 120, 122, 124, 126, 127, 129, 131, 132, 136, 138, 140, 141, 143, 144, 146, 148, 150, 152, 154, 155, 157, 159, 160, 164, 165, 166, 171, 176, 177, 182, 183, 187, 191, 192, 193, 194], "excluded_lines": []}, "": {"executed_lines": [1, 21, 22, 25, 26, 29, 30, 31, 32, 33, 35, 38, 39], "summary": {"covered_lines": 12, "num_statements": 12, "percent_covered": 100.0, "percent_covered_display": "100", "missing_lines": 0, "excluded_lines": 0}, "missing_lines": [], "excluded_lines": []}}, "classes": {"": {"executed_lines": [1, 21, 22, 25, 26, 29, 30, 31, 32, 33, 35, 38, 39, 56, 58, 59, 61, 63, 64, 65, 70, 71, 72, 73, 75, 76, 77, 190, 196], "summary": {"covered_lines": 28, "num_statements": 82, "percent_covered": 34.146341463414636, "percent_covered_display": "34", "missing_lines": 54, "excluded_lines": 0}, "missing_lines": [66, 80, 81, 82, 83, 84, 85, 86, 87, 88, 90, 92, 94, 97, 99, 109, 112, 119, 120, 122, 124, 126, 127, 129, 131, 132, 136, 138, 140, 141, 143, 144, 146, 148, 150, 152, 154, 155, 157, 159, 160, 164, 165, 166, 171, 176, 177, 182, 183, 187, 191, 192, 193, 194], "excluded_lines": []}}}, "app/config/__init__.py": {"executed_lines": [1, 2, 4], "summary": {"covered_lines": 2, "num_statements": 2, "percent_covered": 100.0, "percent_covered_display": "100", "missing_lines": 0, "excluded_lines": 0}, "missing_lines": [], "excluded_lines": [], "functions": {"": {"executed_lines": [1, 2, 4], "summary": {"covered_lines": 2, "num_statements": 2, "percent_covered": 100.0, "percent_covered_display": "100", "missing_lines": 0, "excluded_lines": 0}, "missing_lines": [], "excluded_lines": []}}, "classes": {"": {"executed_lines": [1, 2, 4], "summary": {"covered_lines": 2, "num_statements": 2, "percent_covered": 100.0, "percent_covered_display": "100", "missing_lines": 0, "excluded_lines": 0}, "missing_lines": [], "excluded_lines": []}}}, "app/config/config.py": {"executed_lines": [1, 8, 9, 10, 13, 14, 18, 26, 29, 33, 34, 35, 46, 47, 67, 75, 76, 77, 78, 79, 82, 88, 89, 90, 91, 94, 95, 96, 97, 100, 101, 102, 105, 106, 112, 118, 122, 123, 126, 127, 128, 131, 134, 135, 137, 138, 139, 144, 146, 148, 149, 150, 152, 153, 155, 156, 157, 159, 160, 161, 162, 164, 165, 167, 169, 170, 176], "summary": {"covered_lines": 65, "num_statements": 72, "percent_covered": 90.27777777777777, "percent_covered_display": "90", "missing_lines": 7, "excluded_lines": 0}, "missing_lines": [30, 38, 39, 40, 43, 145, 172], "excluded_lines": [], "functions": {"find_env_file": {"executed_lines": [26, 29, 33, 34, 35], "summary": {"covered_lines": 5, "num_statements": 10, "percent_covered": 50.0, "percent_covered_display": "50", "missing_lines": 5, "excluded_lines": 0}, "missing_lines": [30, 38, 39, 40, 43], "excluded_lines": []}, "Settings.parse_cors_origins": {"executed_lines": [144, 146], "summary": {"covered_lines": 2, "num_statements": 3, "percent_covered": 66.66666666666667, "percent_covered_display": "67", "missing_lines": 1, "excluded_lines": 0}, "missing_lines": [145], "excluded_lines": []}, "Settings.ensure_chroma_directory": {"executed_lines": [152, 153], "summary": {"covered_lines": 2, "num_statements": 2, "percent_covered": 100.0, "percent_covered_display": "100", "missing_lines": 0, "excluded_lines": 0}, "missing_lines": [], "excluded_lines": []}, "Settings.ensure_log_directory": {"executed_lines": [159, 160, 161, 162], "summary": {"covered_lines": 4, "num_statements": 4, "percent_covered": 100.0, "percent_covered_display": "100", "missing_lines": 0, "excluded_lines": 0}, "missing_lines": [], "excluded_lines": []}, "Settings.is_development": {"executed_lines": [167], "summary": {"covered_lines": 1, "num_statements": 1, "percent_covered": 100.0, "percent_covered_display": "100", "missing_lines": 0, "excluded_lines": 0}, "missing_lines": [], "excluded_lines": []}, "Settings.is_production": {"executed_lines": [], "summary": {"covered_lines": 0, "num_statements": 1, "percent_covered": 0.0, "percent_covered_display": "0", "missing_lines": 1, "excluded_lines": 0}, "missing_lines": [172], "excluded_lines": []}, "": {"executed_lines": [1, 8, 9, 10, 13, 14, 18, 46, 47, 67, 75, 76, 77, 78, 79, 82, 88, 89, 90, 91, 94, 95, 96, 97, 100, 101, 102, 105, 106, 112, 118, 122, 123, 126, 127, 128, 131, 134, 135, 137, 138, 139, 148, 149, 150, 155, 156, 157, 164, 165, 169, 170, 176], "summary": {"covered_lines": 51, "num_statements": 51, "percent_covered": 100.0, "percent_covered_display": "100", "missing_lines": 0, "excluded_lines": 0}, "missing_lines": [], "excluded_lines": []}}, "classes": {"Settings": {"executed_lines": [144, 146, 152, 153, 159, 160, 161, 162, 167], "summary": {"covered_lines": 9, "num_statements": 11, "percent_covered": 81.81818181818181, "percent_covered_display": "82", "missing_lines": 2, "excluded_lines": 0}, "missing_lines": [145, 172], "excluded_lines": []}, "": {"executed_lines": [1, 8, 9, 10, 13, 14, 18, 26, 29, 33, 34, 35, 46, 47, 67, 75, 76, 77, 78, 79, 82, 88, 89, 90, 91, 94, 95, 96, 97, 100, 101, 102, 105, 106, 112, 118, 122, 123, 126, 127, 128, 131, 134, 135, 137, 138, 139, 148, 149, 150, 155, 156, 157, 164, 165, 169, 170, 176], "summary": {"covered_lines": 56, "num_statements": 61, "percent_covered": 91.80327868852459, "percent_covered_display": "92", "missing_lines": 5, "excluded_lines": 0}, "missing_lines": [30, 38, 39, 40, 43], "excluded_lines": []}}}, "app/core/__init__.py": {"executed_lines": [1], "summary": {"covered_lines": 0, "num_statements": 0, "percent_covered": 100.0, "percent_covered_display": "100", "missing_lines": 0, "excluded_lines": 0}, "missing_lines": [], "excluded_lines": [], "functions": {"": {"executed_lines": [1], "summary": {"covered_lines": 0, "num_statements": 0, "percent_covered": 100.0, "percent_covered_display": "100", "missing_lines": 0, "excluded_lines": 0}, "missing_lines": [], "excluded_lines": []}}, "classes": {"": {"executed_lines": [1], "summary": {"covered_lines": 0, "num_statements": 0, "percent_covered": 100.0, "percent_covered_display": "100", "missing_lines": 0, "excluded_lines": 0}, "missing_lines": [], "excluded_lines": []}}}, "app/core/personality/__init__.py": {"executed_lines": [1, 7, 8, 9, 10, 12], "summary": {"covered_lines": 5, "num_statements": 5, "percent_covered": 100.0, "percent_covered_display": "100", "missing_lines": 0, "excluded_lines": 0}, "missing_lines": [], "excluded_lines": [], "functions": {"": {"executed_lines": [1, 7, 8, 9, 10, 12], "summary": {"covered_lines": 5, "num_statements": 5, "percent_covered": 100.0, "percent_covered_display": "100", "missing_lines": 0, "excluded_lines": 0}, "missing_lines": [], "excluded_lines": []}}, "classes": {"": {"executed_lines": [1, 7, 8, 9, 10, 12], "summary": {"covered_lines": 5, "num_statements": 5, "percent_covered": 100.0, "percent_covered_display": "100", "missing_lines": 0, "excluded_lines": 0}, "missing_lines": [], "excluded_lines": []}}}, "app/core/personality/loader.py": {"executed_lines": [1, 8, 9, 12, 15, 16, 19, 20, 25, 31, 35, 36, 38, 43, 56, 57, 59, 60, 61, 63, 66, 69, 71, 76, 78, 79, 83, 114, 148, 157, 160, 164, 165, 166, 167, 171, 174, 178, 181, 184], "summary": {"covered_lines": 38, "num_statements": 70, "percent_covered": 54.285714285714285, "percent_covered_display": "54", "missing_lines": 32, "excluded_lines": 0}, "missing_lines": [33, 64, 80, 81, 95, 96, 97, 99, 102, 104, 109, 111, 112, 121, 122, 124, 125, 127, 128, 130, 131, 139, 144, 145, 146, 158, 161, 168, 172, 175, 179, 182], "excluded_lines": [], "functions": {"PersonalityLoader.__init__": {"executed_lines": [31, 35, 36, 38], "summary": {"covered_lines": 4, "num_statements": 5, "percent_covered": 80.0, "percent_covered_display": "80", "missing_lines": 1, "excluded_lines": 0}, "missing_lines": [33], "excluded_lines": []}, "PersonalityLoader.load_from_file": {"executed_lines": [56, 57, 59, 60, 61, 63, 66, 69, 71, 76, 78, 79], "summary": {"covered_lines": 12, "num_statements": 15, "percent_covered": 80.0, "percent_covered_display": "80", "missing_lines": 3, "excluded_lines": 0}, "missing_lines": [64, 80, 81], "excluded_lines": []}, "PersonalityLoader.load_from_dict": {"executed_lines": [], "summary": {"covered_lines": 0, "num_statements": 9, "percent_covered": 0.0, "percent_covered_display": "0", "missing_lines": 9, "excluded_lines": 0}, "missing_lines": [95, 96, 97, 99, 102, 104, 109, 111, 112], "excluded_lines": []}, "PersonalityLoader.save_to_file": {"executed_lines": [], "summary": {"covered_lines": 0, "num_statements": 12, "percent_covered": 0.0, "percent_covered_display": "0", "missing_lines": 12, "excluded_lines": 0}, "missing_lines": [121, 122, 124, 125, 127, 128, 130, 131, 139, 144, 145, 146], "excluded_lines": []}, "PersonalityLoader._validate_personality": {"executed_lines": [157, 160, 164, 165, 166, 167, 171, 174, 178, 181, 184], "summary": {"covered_lines": 11, "num_statements": 18, "percent_covered": 61.111111111111114, "percent_covered_display": "61", "missing_lines": 7, "excluded_lines": 0}, "missing_lines": [158, 161, 168, 172, 175, 179, 182], "excluded_lines": []}, "": {"executed_lines": [1, 8, 9, 12, 15, 16, 19, 20, 25, 43, 83, 114, 148], "summary": {"covered_lines": 11, "num_statements": 11, "percent_covered": 100.0, "percent_covered_display": "100", "missing_lines": 0, "excluded_lines": 0}, "missing_lines": [], "excluded_lines": []}}, "classes": {"PersonalityLoader": {"executed_lines": [31, 35, 36, 38, 56, 57, 59, 60, 61, 63, 66, 69, 71, 76, 78, 79, 157, 160, 164, 165, 166, 167, 171, 174, 178, 181, 184], "summary": {"covered_lines": 27, "num_statements": 59, "percent_covered": 45.76271186440678, "percent_covered_display": "46", "missing_lines": 32, "excluded_lines": 0}, "missing_lines": [33, 64, 80, 81, 95, 96, 97, 99, 102, 104, 109, 111, 112, 121, 122, 124, 125, 127, 128, 130, 131, 139, 144, 145, 146, 158, 161, 168, 172, 175, 179, 182], "excluded_lines": []}, "": {"executed_lines": [1, 8, 9, 12, 15, 16, 19, 20, 25, 43, 83, 114, 148], "summary": {"covered_lines": 11, "num_statements": 11, "percent_covered": 100.0, "percent_covered_display": "100", "missing_lines": 0, "excluded_lines": 0}, "missing_lines": [], "excluded_lines": []}}}, "app/core/personality/manager.py": {"executed_lines": [1, 8, 9, 12, 13, 14, 17, 18, 23, 29, 30, 31, 33, 38, 40, 41, 42, 43, 44, 45, 46, 61, 70, 72, 78, 90, 119, 152, 171, 180, 181, 185, 186, 187, 189, 194, 202], "summary": {"covered_lines": 35, "num_statements": 69, "percent_covered": 50.72463768115942, "percent_covered_display": "51", "missing_lines": 34, "excluded_lines": 0}, "missing_lines": [50, 51, 55, 56, 102, 104, 105, 107, 110, 112, 117, 136, 137, 138, 140, 143, 145, 150, 158, 159, 160, 162, 165, 166, 167, 169, 182, 183, 195, 196, 200, 204, 205, 206], "excluded_lines": [], "functions": {"PersonalityManager.__init__": {"executed_lines": [29, 30, 31, 33], "summary": {"covered_lines": 4, "num_statements": 4, "percent_covered": 100.0, "percent_covered_display": "100", "missing_lines": 0, "excluded_lines": 0}, "missing_lines": [], "excluded_lines": []}, "PersonalityManager._load_all_personalities": {"executed_lines": [40, 41, 42, 43, 44, 45, 46], "summary": {"covered_lines": 7, "num_statements": 11, "percent_covered": 63.63636363636363, "percent_covered_display": "64", "missing_lines": 4, "excluded_lines": 0}, "missing_lines": [50, 51, 55, 56], "excluded_lines": []}, "PersonalityManager.get_personality": {"executed_lines": [70], "summary": {"covered_lines": 1, "num_statements": 1, "percent_covered": 100.0, "percent_covered_display": "100", "missing_lines": 0, "excluded_lines": 0}, "missing_lines": [], "excluded_lines": []}, "PersonalityManager.list_personalities": {"executed_lines": [78], "summary": {"covered_lines": 1, "num_statements": 1, "percent_covered": 100.0, "percent_covered_display": "100", "missing_lines": 0, "excluded_lines": 0}, "missing_lines": [], "excluded_lines": []}, "PersonalityManager.create_personality": {"executed_lines": [], "summary": {"covered_lines": 0, "num_statements": 7, "percent_covered": 0.0, "percent_covered_display": "0", "missing_lines": 7, "excluded_lines": 0}, "missing_lines": [102, 104, 105, 107, 110, 112, 117], "excluded_lines": []}, "PersonalityManager.update_personality": {"executed_lines": [], "summary": {"covered_lines": 0, "num_statements": 7, "percent_covered": 0.0, "percent_covered_display": "0", "missing_lines": 7, "excluded_lines": 0}, "missing_lines": [136, 137, 138, 140, 143, 145, 150], "excluded_lines": []}, "PersonalityManager.delete_personality": {"executed_lines": [], "summary": {"covered_lines": 0, "num_statements": 8, "percent_covered": 0.0, "percent_covered_display": "0", "missing_lines": 8, "excluded_lines": 0}, "missing_lines": [158, 159, 160, 162, 165, 166, 167, 169], "excluded_lines": []}, "PersonalityManager.reload_personality": {"executed_lines": [180, 181, 185, 186, 187, 189, 194], "summary": {"covered_lines": 7, "num_statements": 12, "percent_covered": 58.333333333333336, "percent_covered_display": "58", "missing_lines": 5, "excluded_lines": 0}, "missing_lines": [182, 183, 195, 196, 200], "excluded_lines": []}, "PersonalityManager.reload_all": {"executed_lines": [], "summary": {"covered_lines": 0, "num_statements": 3, "percent_covered": 0.0, "percent_covered_display": "0", "missing_lines": 3, "excluded_lines": 0}, "missing_lines": [204, 205, 206], "excluded_lines": []}, "": {"executed_lines": [1, 8, 9, 12, 13, 14, 17, 18, 23, 38, 61, 72, 90, 119, 152, 171, 202], "summary": {"covered_lines": 15, "num_statements": 15, "percent_covered": 100.0, "percent_covered_display": "100", "missing_lines": 0, "excluded_lines": 0}, "missing_lines": [], "excluded_lines": []}}, "classes": {"PersonalityManager": {"executed_lines": [29, 30, 31, 33, 40, 41, 42, 43, 44, 45, 46, 70, 78, 180, 181, 185, 186, 187, 189, 194], "summary": {"covered_lines": 20, "num_statements": 54, "percent_covered": 37.03703703703704, "percent_covered_display": "37", "missing_lines": 34, "excluded_lines": 0}, "missing_lines": [50, 51, 55, 56, 102, 104, 105, 107, 110, 112, 117, 136, 137, 138, 140, 143, 145, 150, 158, 159, 160, 162, 165, 166, 167, 169, 182, 183, 195, 196, 200, 204, 205, 206], "excluded_lines": []}, "": {"executed_lines": [1, 8, 9, 12, 13, 14, 17, 18, 23, 38, 61, 72, 90, 119, 152, 171, 202], "summary": {"covered_lines": 15, "num_statements": 15, "percent_covered": 100.0, "percent_covered_display": "100", "missing_lines": 0, "excluded_lines": 0}, "missing_lines": [], "excluded_lines": []}}}, "app/core/personality/models.py": {"executed_lines": [1, 8, 9, 10, 13, 16, 17, 18, 19, 20, 21, 22, 25, 26, 27, 28, 29, 30, 33, 34, 35, 36, 37, 38, 39, 40, 41, 44, 45, 46, 47, 48, 49, 50, 53, 54, 55, 56, 57, 58, 59, 62, 63, 64, 65, 66, 67, 68, 69, 72, 73, 74, 75, 76, 79, 80, 81, 82, 83, 84, 85, 88, 89, 90, 91, 92, 93, 96, 97, 98, 99, 100, 101, 102, 105, 106, 107, 108, 109, 110, 111, 112, 113, 114, 115, 116, 117, 118, 120, 121, 131, 132, 140, 141, 142, 147, 157, 158, 159, 160, 161, 170, 171, 177, 186, 187, 188, 192, 200, 201, 208, 209, 216, 230, 302], "summary": {"covered_lines": 103, "num_statements": 110, "percent_covered": 93.63636363636364, "percent_covered_display": "94", "missing_lines": 7, "excluded_lines": 0}, "missing_lines": [162, 163, 236, 310, 311, 312, 315], "excluded_lines": [], "functions": {"Personality.from_config": {"executed_lines": [131, 132, 140, 141, 142, 147, 157, 158, 159, 160, 161, 170, 171, 177, 186, 187, 188, 192, 200, 201, 208, 209, 216], "summary": {"covered_lines": 23, "num_statements": 25, "percent_covered": 92.0, "percent_covered_display": "92", "missing_lines": 2, "excluded_lines": 0}, "missing_lines": [162, 163], "excluded_lines": []}, "Personality.to_config": {"executed_lines": [], "summary": {"covered_lines": 0, "num_statements": 1, "percent_covered": 0.0, "percent_covered_display": "0", "missing_lines": 1, "excluded_lines": 0}, "missing_lines": [236], "excluded_lines": []}, "Personality.update": {"executed_lines": [], "summary": {"covered_lines": 0, "num_statements": 4, "percent_covered": 0.0, "percent_covered_display": "0", "missing_lines": 4, "excluded_lines": 0}, "missing_lines": [310, 311, 312, 315], "excluded_lines": []}, "": {"executed_lines": [1, 8, 9, 10, 13, 16, 17, 18, 19, 20, 21, 22, 25, 26, 27, 28, 29, 30, 33, 34, 35, 36, 37, 38, 39, 40, 41, 44, 45, 46, 47, 48, 49, 50, 53, 54, 55, 56, 57, 58, 59, 62, 63, 64, 65, 66, 67, 68, 69, 72, 73, 74, 75, 76, 79, 80, 81, 82, 83, 84, 85, 88, 89, 90, 91, 92, 93, 96, 97, 98, 99, 100, 101, 102, 105, 106, 107, 108, 109, 110, 111, 112, 113, 114, 115, 116, 117, 118, 120, 121, 230, 302], "summary": {"covered_lines": 80, "num_statements": 80, "percent_covered": 100.0, "percent_covered_display": "100", "missing_lines": 0, "excluded_lines": 0}, "missing_lines": [], "excluded_lines": []}}, "classes": {"PersonalityTraits": {"executed_lines": [], "summary": {"covered_lines": 0, "num_statements": 0, "percent_covered": 100.0, "percent_covered_display": "100", "missing_lines": 0, "excluded_lines": 0}, "missing_lines": [], "excluded_lines": []}, "TokenBudget": {"executed_lines": [], "summary": {"covered_lines": 0, "num_statements": 0, "percent_covered": 100.0, "percent_covered_display": "100", "missing_lines": 0, "excluded_lines": 0}, "missing_lines": [], "excluded_lines": []}, "AIConfig": {"executed_lines": [], "summary": {"covered_lines": 0, "num_statements": 0, "percent_covered": 100.0, "percent_covered_display": "100", "missing_lines": 0, "excluded_lines": 0}, "missing_lines": [], "excluded_lines": []}, "MemoryStrategy": {"executed_lines": [], "summary": {"covered_lines": 0, "num_statements": 0, "percent_covered": 100.0, "percent_covered_display": "100", "missing_lines": 0, "excluded_lines": 0}, "missing_lines": [], "excluded_lines": []}, "MemoryRetrieval": {"executed_lines": [], "summary": {"covered_lines": 0, "num_statements": 0, "percent_covered": 100.0, "percent_covered_display": "100", "missing_lines": 0, "excluded_lines": 0}, "missing_lines": [], "excluded_lines": []}, "MemoryConfig": {"executed_lines": [], "summary": {"covered_lines": 0, "num_statements": 0, "percent_covered": 100.0, "percent_covered_display": "100", "missing_lines": 0, "excluded_lines": 0}, "missing_lines": [], "excluded_lines": []}, "ToolPermissions": {"executed_lines": [], "summary": {"covered_lines": 0, "num_statements": 0, "percent_covered": 100.0, "percent_covered_display": "100", "missing_lines": 0, "excluded_lines": 0}, "missing_lines": [], "excluded_lines": []}, "ToolConfig": {"executed_lines": [], "summary": {"covered_lines": 0, "num_statements": 0, "percent_covered": 100.0, "percent_covered_display": "100", "missing_lines": 0, "excluded_lines": 0}, "missing_lines": [], "excluded_lines": []}, "VoiceConfig": {"executed_lines": [], "summary": {"covered_lines": 0, "num_statements": 0, "percent_covered": 100.0, "percent_covered_display": "100", "missing_lines": 0, "excluded_lines": 0}, "missing_lines": [], "excluded_lines": []}, "UserPreferences": {"executed_lines": [], "summary": {"covered_lines": 0, "num_statements": 0, "percent_covered": 100.0, "percent_covered_display": "100", "missing_lines": 0, "excluded_lines": 0}, "missing_lines": [], "excluded_lines": []}, "Personality": {"executed_lines": [131, 132, 140, 141, 142, 147, 157, 158, 159, 160, 161, 170, 171, 177, 186, 187, 188, 192, 200, 201, 208, 209, 216], "summary": {"covered_lines": 23, "num_statements": 30, "percent_covered": 76.66666666666667, "percent_covered_display": "77", "missing_lines": 7, "excluded_lines": 0}, "missing_lines": [162, 163, 236, 310, 311, 312, 315], "excluded_lines": []}, "": {"executed_lines": [1, 8, 9, 10, 13, 16, 17, 18, 19, 20, 21, 22, 25, 26, 27, 28, 29, 30, 33, 34, 35, 36, 37, 38, 39, 40, 41, 44, 45, 46, 47, 48, 49, 50, 53, 54, 55, 56, 57, 58, 59, 62, 63, 64, 65, 66, 67, 68, 69, 72, 73, 74, 75, 76, 79, 80, 81, 82, 83, 84, 85, 88, 89, 90, 91, 92, 93, 96, 97, 98, 99, 100, 101, 102, 105, 106, 107, 108, 109, 110, 111, 112, 113, 114, 115, 116, 117, 118, 120, 121, 230, 302], "summary": {"covered_lines": 80, "num_statements": 80, "percent_covered": 100.0, "percent_covered_display": "100", "missing_lines": 0, "excluded_lines": 0}, "missing_lines": [], "excluded_lines": []}}}, "app/core/personality/orchestrator.py": {"executed_lines": [1, 8, 9, 12, 13, 14, 15, 16, 17, 18, 19, 22, 23, 33, 46, 47, 48, 49, 51, 53, 76, 79, 80, 83, 95, 98, 106, 109, 112, 115, 116, 126, 136, 145, 147, 163, 165, 183, 186, 188, 189, 190, 191, 192, 194, 198, 199, 200, 202, 212, 222, 228, 242, 245, 246, 248, 249, 251, 252, 253, 254, 256, 261, 263, 265, 274, 278, 281, 283, 288, 290, 304, 307, 308, 313, 314, 315, 316, 318, 320, 344, 346, 355, 356, 357, 358, 359, 360, 362, 364, 365, 373, 375, 387, 388, 395, 396, 397, 399, 423, 424, 426, 432, 433, 434, 441, 442, 443, 444, 445, 446, 448, 449, 457, 459, 470], "summary": {"covered_lines": 114, "num_statements": 131, "percent_covered": 87.02290076335878, "percent_covered_display": "87", "missing_lines": 17, "excluded_lines": 0}, "missing_lines": [81, 149, 150, 156, 158, 184, 195, 224, 225, 226, 257, 258, 259, 275, 478, 479, 480], "excluded_lines": [], "functions": {"Orchestrator.__init__": {"executed_lines": [46, 47, 48, 49, 51], "summary": {"covered_lines": 5, "num_statements": 5, "percent_covered": 100.0, "percent_covered_display": "100", "missing_lines": 0, "excluded_lines": 0}, "missing_lines": [], "excluded_lines": []}, "Orchestrator.process_chat_request": {"executed_lines": [76, 79, 80, 83, 95, 98, 106, 109, 112, 115, 116, 126], "summary": {"covered_lines": 12, "num_statements": 13, "percent_covered": 92.3076923076923, "percent_covered_display": "92", "missing_lines": 1, "excluded_lines": 0}, "missing_lines": [81], "excluded_lines": []}, "Orchestrator._get_or_create_ai_engine": {"executed_lines": [145, 147, 163], "summary": {"covered_lines": 3, "num_statements": 7, "percent_covered": 42.857142857142854, "percent_covered_display": "43", "missing_lines": 4, "excluded_lines": 0}, "missing_lines": [149, 150, 156, 158], "excluded_lines": []}, "Orchestrator._retrieve_memories": {"executed_lines": [183, 186, 188, 189, 190, 191, 192, 194, 198, 199, 200, 202, 212, 222], "summary": {"covered_lines": 14, "num_statements": 19, "percent_covered": 73.6842105263158, "percent_covered_display": "74", "missing_lines": 5, "excluded_lines": 0}, "missing_lines": [184, 195, 224, 225, 226], "excluded_lines": []}, "Orchestrator._build_system_prompt": {"executed_lines": [242, 245, 246, 248, 249, 251, 252, 253, 254, 256, 261, 263], "summary": {"covered_lines": 12, "num_statements": 15, "percent_covered": 80.0, "percent_covered_display": "80", "missing_lines": 3, "excluded_lines": 0}, "missing_lines": [257, 258, 259], "excluded_lines": []}, "Orchestrator._prepare_tools": {"executed_lines": [274, 278, 281, 283, 288], "summary": {"covered_lines": 5, "num_statements": 6, "percent_covered": 83.33333333333333, "percent_covered_display": "83", "missing_lines": 1, "excluded_lines": 0}, "missing_lines": [275], "excluded_lines": []}, "Orchestrator._build_full_messages": {"executed_lines": [304, 307, 308, 313, 314, 315, 316, 318], "summary": {"covered_lines": 8, "num_statements": 8, "percent_covered": 100.0, "percent_covered_display": "100", "missing_lines": 0, "excluded_lines": 0}, "missing_lines": [], "excluded_lines": []}, "Orchestrator._generate": {"executed_lines": [344, 346, 355, 356, 357, 358, 359, 360, 362, 364, 365, 373, 375, 387, 388, 395, 396, 397], "summary": {"covered_lines": 18, "num_statements": 18, "percent_covered": 100.0, "percent_covered_display": "100", "missing_lines": 0, "excluded_lines": 0}, "missing_lines": [], "excluded_lines": []}, "Orchestrator._stream_generate": {"executed_lines": [423, 424, 426, 432, 433, 434, 441, 442, 443, 444, 445, 446, 448, 449, 457, 459, 470], "summary": {"covered_lines": 17, "num_statements": 20, "percent_covered": 85.0, "percent_covered_display": "85", "missing_lines": 3, "excluded_lines": 0}, "missing_lines": [478, 479, 480], "excluded_lines": []}, "": {"executed_lines": [1, 8, 9, 12, 13, 14, 15, 16, 17, 18, 19, 22, 23, 33, 53, 136, 165, 228, 265, 290, 320, 399], "summary": {"covered_lines": 20, "num_statements": 20, "percent_covered": 100.0, "percent_covered_display": "100", "missing_lines": 0, "excluded_lines": 0}, "missing_lines": [], "excluded_lines": []}}, "classes": {"Orchestrator": {"executed_lines": [46, 47, 48, 49, 51, 76, 79, 80, 83, 95, 98, 106, 109, 112, 115, 116, 126, 145, 147, 163, 183, 186, 188, 189, 190, 191, 192, 194, 198, 199, 200, 202, 212, 222, 242, 245, 246, 248, 249, 251, 252, 253, 254, 256, 261, 263, 274, 278, 281, 283, 288, 304, 307, 308, 313, 314, 315, 316, 318, 344, 346, 355, 356, 357, 358, 359, 360, 362, 364, 365, 373, 375, 387, 388, 395, 396, 397, 423, 424, 426, 432, 433, 434, 441, 442, 443, 444, 445, 446, 448, 449, 457, 459, 470], "summary": {"covered_lines": 94, "num_statements": 111, "percent_covered": 84.68468468468468, "percent_covered_display": "85", "missing_lines": 17, "excluded_lines": 0}, "missing_lines": [81, 149, 150, 156, 158, 184, 195, 224, 225, 226, 257, 258, 259, 275, 478, 479, 480], "excluded_lines": []}, "": {"executed_lines": [1, 8, 9, 12, 13, 14, 15, 16, 17, 18, 19, 22, 23, 33, 53, 136, 165, 228, 265, 290, 320, 399], "summary": {"covered_lines": 20, "num_statements": 20, "percent_covered": 100.0, "percent_covered_display": "100", "missing_lines": 0, "excluded_lines": 0}, "missing_lines": [], "excluded_lines": []}}}, "app/core/user/__init__.py": {"executed_lines": [1, 7, 8, 9, 10, 11, 13], "summary": {"covered_lines": 6, "num_statements": 6, "percent_covered": 100.0, "percent_covered_display": "100", "missing_lines": 0, "excluded_lines": 0}, "missing_lines": [], "excluded_lines": [], "functions": {"": {"executed_lines": [1, 7, 8, 9, 10, 11, 13], "summary": {"covered_lines": 6, "num_statements": 6, "percent_covered": 100.0, "percent_covered_display": "100", "missing_lines": 0, "excluded_lines": 0}, "missing_lines": [], "excluded_lines": []}}, "classes": {"": {"executed_lines": [1, 7, 8, 9, 10, 11, 13], "summary": {"covered_lines": 6, "num_statements": 6, "percent_covered": 100.0, "percent_covered_display": "100", "missing_lines": 0, "excluded_lines": 0}, "missing_lines": [], "excluded_lines": []}}}, "app/core/user/auth.py": {"executed_lines": [1, 8, 9, 12, 13, 16, 17, 18, 27, 28, 33, 35, 37, 46, 48, 58, 60, 78, 84, 86, 100, 105, 107, 116, 118, 134, 136, 143, 144, 145, 148, 149, 150, 153, 154, 155, 157, 158, 164, 178, 179, 180, 181, 183, 184, 188, 190, 191, 193, 195, 196, 197], "summary": {"covered_lines": 50, "num_statements": 54, "percent_covered": 92.5925925925926, "percent_covered_display": "93", "missing_lines": 4, "excluded_lines": 0}, "missing_lines": [160, 161, 162, 185], "excluded_lines": [], "functions": {"AuthService.__init__": {"executed_lines": [35], "summary": {"covered_lines": 1, "num_statements": 1, "percent_covered": 100.0, "percent_covered_display": "100", "missing_lines": 0, "excluded_lines": 0}, "missing_lines": [], "excluded_lines": []}, "AuthService.hash_password": {"executed_lines": [46], "summary": {"covered_lines": 1, "num_statements": 1, "percent_covered": 100.0, "percent_covered_display": "100", "missing_lines": 0, "excluded_lines": 0}, "missing_lines": [], "excluded_lines": []}, "AuthService.verify_password": {"executed_lines": [58], "summary": {"covered_lines": 1, "num_statements": 1, "percent_covered": 100.0, "percent_covered_display": "100", "missing_lines": 0, "excluded_lines": 0}, "missing_lines": [], "excluded_lines": []}, "AuthService.create_access_token": {"executed_lines": [78, 84], "summary": {"covered_lines": 2, "num_statements": 2, "percent_covered": 100.0, "percent_covered_display": "100", "missing_lines": 0, "excluded_lines": 0}, "missing_lines": [], "excluded_lines": []}, "AuthService.create_refresh_token": {"executed_lines": [100, 105], "summary": {"covered_lines": 2, "num_statements": 2, "percent_covered": 100.0, "percent_covered_display": "100", "missing_lines": 0, "excluded_lines": 0}, "missing_lines": [], "excluded_lines": []}, "AuthService.verify_token": {"executed_lines": [116], "summary": {"covered_lines": 1, "num_statements": 1, "percent_covered": 100.0, "percent_covered_display": "100", "missing_lines": 0, "excluded_lines": 0}, "missing_lines": [], "excluded_lines": []}, "AuthService.authenticate_user": {"executed_lines": [134, 136, 143, 144, 145, 148, 149, 150, 153, 154, 155, 157, 158], "summary": {"covered_lines": 13, "num_statements": 16, "percent_covered": 81.25, "percent_covered_display": "81", "missing_lines": 3, "excluded_lines": 0}, "missing_lines": [160, 161, 162], "excluded_lines": []}, "AuthService.get_current_user_from_token": {"executed_lines": [178, 179, 180, 181, 183, 184, 188, 190, 191, 193, 195, 196, 197], "summary": {"covered_lines": 13, "num_statements": 14, "percent_covered": 92.85714285714286, "percent_covered_display": "93", "missing_lines": 1, "excluded_lines": 0}, "missing_lines": [185], "excluded_lines": []}, "": {"executed_lines": [1, 8, 9, 12, 13, 16, 17, 18, 27, 28, 33, 37, 48, 60, 86, 107, 118, 164], "summary": {"covered_lines": 16, "num_statements": 16, "percent_covered": 100.0, "percent_covered_display": "100", "missing_lines": 0, "excluded_lines": 0}, "missing_lines": [], "excluded_lines": []}}, "classes": {"AuthService": {"executed_lines": [35, 46, 58, 78, 84, 100, 105, 116, 134, 136, 143, 144, 145, 148, 149, 150, 153, 154, 155, 157, 158, 178, 179, 180, 181, 183, 184, 188, 190, 191, 193, 195, 196, 197], "summary": {"covered_lines": 34, "num_statements": 38, "percent_covered": 89.47368421052632, "percent_covered_display": "89", "missing_lines": 4, "excluded_lines": 0}, "missing_lines": [160, 161, 162, 185], "excluded_lines": []}, "": {"executed_lines": [1, 8, 9, 12, 13, 16, 17, 18, 27, 28, 33, 37, 48, 60, 86, 107, 118, 164], "summary": {"covered_lines": 16, "num_statements": 16, "percent_covered": 100.0, "percent_covered_display": "100", "missing_lines": 0, "excluded_lines": 0}, "missing_lines": [], "excluded_lines": []}}}, "app/core/user/manager.py": {"executed_lines": [1, 8, 9, 12, 13, 16, 17, 18, 19, 22, 23, 28, 34, 35, 37, 39, 60, 62, 69, 70, 73, 76, 88, 91, 92, 93, 96, 97, 98, 100, 105, 107, 108, 109, 110, 112, 178, 187, 188, 193, 202, 203, 208, 223, 237, 238, 239, 243, 248, 249, 250, 253, 257, 260, 261, 263, 265, 272, 282, 283, 284, 287, 289, 290, 295, 297, 299, 306, 337, 352, 399], "summary": {"covered_lines": 69, "num_statements": 151, "percent_covered": 45.6953642384106, "percent_covered_display": "46", "missing_lines": 82, "excluded_lines": 0}, "missing_lines": [89, 128, 129, 135, 136, 139, 140, 143, 149, 154, 159, 174, 175, 176, 189, 190, 191, 204, 205, 206, 217, 218, 219, 220, 221, 240, 254, 258, 267, 268, 269, 270, 285, 293, 301, 302, 303, 304, 322, 323, 325, 326, 329, 331, 333, 334, 335, 346, 347, 348, 349, 350, 366, 367, 369, 371, 372, 375, 376, 378, 379, 381, 382, 384, 385, 387, 388, 390, 392, 394, 395, 396, 397, 408, 409, 410, 411, 413, 415, 430, 431, 432], "excluded_lines": [], "functions": {"UserManager.__init__": {"executed_lines": [34, 35, 37], "summary": {"covered_lines": 3, "num_statements": 3, "percent_covered": 100.0, "percent_covered_display": "100", "missing_lines": 0, "excluded_lines": 0}, "missing_lines": [], "excluded_lines": []}, "UserManager.register_user": {"executed_lines": [60, 62, 69, 70, 73, 76, 88, 91, 92, 93, 96, 97, 98, 100, 105, 107, 108, 109, 110], "summary": {"covered_lines": 19, "num_statements": 20, "percent_covered": 95.0, "percent_covered_display": "95", "missing_lines": 1, "excluded_lines": 0}, "missing_lines": [89], "excluded_lines": []}, "UserManager.authenticate": {"executed_lines": [], "summary": {"covered_lines": 0, "num_statements": 13, "percent_covered": 0.0, "percent_covered_display": "0", "missing_lines": 13, "excluded_lines": 0}, "missing_lines": [128, 129, 135, 136, 139, 140, 143, 149, 154, 159, 174, 175, 176], "excluded_lines": []}, "UserManager.get_user": {"executed_lines": [187, 188], "summary": {"covered_lines": 2, "num_statements": 5, "percent_covered": 40.0, "percent_covered_display": "40", "missing_lines": 3, "excluded_lines": 0}, "missing_lines": [189, 190, 191], "excluded_lines": []}, "UserManager.get_user_by_username": {"executed_lines": [202, 203], "summary": {"covered_lines": 2, "num_statements": 5, "percent_covered": 40.0, "percent_covered_display": "40", "missing_lines": 3, "excluded_lines": 0}, "missing_lines": [204, 205, 206], "excluded_lines": []}, "UserManager.get_user_by_email": {"executed_lines": [], "summary": {"covered_lines": 0, "num_statements": 5, "percent_covered": 0.0, "percent_covered_display": "0", "missing_lines": 5, "excluded_lines": 0}, "missing_lines": [217, 218, 219, 220, 221], "excluded_lines": []}, "UserManager.update_user": {"executed_lines": [237, 238, 239, 243, 248, 249, 250, 253, 257, 260, 261, 263, 265], "summary": {"covered_lines": 13, "num_statements": 20, "percent_covered": 65.0, "percent_covered_display": "65", "missing_lines": 7, "excluded_lines": 0}, "missing_lines": [240, 254, 258, 267, 268, 269, 270], "excluded_lines": []}, "UserManager.delete_user": {"executed_lines": [282, 283, 284, 287, 289, 290, 295, 297, 299], "summary": {"covered_lines": 9, "num_statements": 15, "percent_covered": 60.0, "percent_covered_display": "60", "missing_lines": 6, "excluded_lines": 0}, "missing_lines": [285, 293, 301, 302, 303, 304], "excluded_lines": []}, "UserManager.list_users": {"executed_lines": [], "summary": {"covered_lines": 0, "num_statements": 9, "percent_covered": 0.0, "percent_covered_display": "0", "missing_lines": 9, "excluded_lines": 0}, "missing_lines": [322, 323, 325, 326, 329, 331, 333, 334, 335], "excluded_lines": []}, "UserManager.get_user_profile": {"executed_lines": [], "summary": {"covered_lines": 0, "num_statements": 5, "percent_covered": 0.0, "percent_covered_display": "0", "missing_lines": 5, "excluded_lines": 0}, "missing_lines": [346, 347, 348, 349, 350], "excluded_lines": []}, "UserManager.update_user_profile": {"executed_lines": [], "summary": {"covered_lines": 0, "num_statements": 21, "percent_covered": 0.0, "percent_covered_display": "0", "missing_lines": 21, "excluded_lines": 0}, "missing_lines": [366, 367, 369, 371, 372, 375, 376, 378, 379, 381, 382, 384, 385, 387, 388, 390, 392, 394, 395, 396, 397], "excluded_lines": []}, "UserManager.get_user_statistics": {"executed_lines": [], "summary": {"covered_lines": 0, "num_statements": 9, "percent_covered": 0.0, "percent_covered_display": "0", "missing_lines": 9, "excluded_lines": 0}, "missing_lines": [408, 409, 410, 411, 413, 415, 430, 431, 432], "excluded_lines": []}, "": {"executed_lines": [1, 8, 9, 12, 13, 16, 17, 18, 19, 22, 23, 28, 39, 112, 178, 193, 208, 223, 272, 306, 337, 352, 399], "summary": {"covered_lines": 21, "num_statements": 21, "percent_covered": 100.0, "percent_covered_display": "100", "missing_lines": 0, "excluded_lines": 0}, "missing_lines": [], "excluded_lines": []}}, "classes": {"UserManager": {"executed_lines": [34, 35, 37, 60, 62, 69, 70, 73, 76, 88, 91, 92, 93, 96, 97, 98, 100, 105, 107, 108, 109, 110, 187, 188, 202, 203, 237, 238, 239, 243, 248, 249, 250, 253, 257, 260, 261, 263, 265, 282, 283, 284, 287, 289, 290, 295, 297, 299], "summary": {"covered_lines": 48, "num_statements": 130, "percent_covered": 36.92307692307692, "percent_covered_display": "37", "missing_lines": 82, "excluded_lines": 0}, "missing_lines": [89, 128, 129, 135, 136, 139, 140, 143, 149, 154, 159, 174, 175, 176, 189, 190, 191, 204, 205, 206, 217, 218, 219, 220, 221, 240, 254, 258, 267, 268, 269, 270, 285, 293, 301, 302, 303, 304, 322, 323, 325, 326, 329, 331, 333, 334, 335, 346, 347, 348, 349, 350, 366, 367, 369, 371, 372, 375, 376, 378, 379, 381, 382, 384, 385, 387, 388, 390, 392, 394, 395, 396, 397, 408, 409, 410, 411, 413, 415, 430, 431, 432], "excluded_lines": []}, "": {"executed_lines": [1, 8, 9, 12, 13, 16, 17, 18, 19, 22, 23, 28, 39, 112, 178, 193, 208, 223, 272, 306, 337, 352, 399], "summary": {"covered_lines": 21, "num_statements": 21, "percent_covered": 100.0, "percent_covered_display": "100", "missing_lines": 0, "excluded_lines": 0}, "missing_lines": [], "excluded_lines": []}}}, "app/core/user/permissions.py": {"executed_lines": [1, 8, 9, 12, 13, 16, 17, 18, 21, 24, 25, 26, 27, 28, 31, 32, 37, 39, 42, 57, 59, 69, 72, 73, 75, 77, 109, 141, 165, 168, 195], "summary": {"covered_lines": 28, "num_statements": 59, "percent_covered": 47.45762711864407, "percent_covered_display": "47", "missing_lines": 31, "excluded_lines": 0}, "missing_lines": [86, 90, 91, 93, 94, 99, 100, 105, 107, 118, 122, 123, 125, 126, 131, 132, 137, 139, 155, 156, 157, 161, 182, 183, 185, 186, 192, 209, 211, 212, 217], "excluded_lines": [], "functions": {"PermissionChec
[...]
connect": {"executed_lines": [36, 37, 38, 41, 44, 46, 48, 49, 50, 51, 54, 61, 64, 65, 66], "summary": {"covered_lines": 15, "num_statements": 21, "percent_covered": 71.42857142857143, "percent_covered_display": "71", "missing_lines": 6, "excluded_lines": 0}, "missing_lines": [73, 75, 79, 81, 83, 87], "excluded_lines": []}, "CacheManager.get": {"executed_lines": [98, 99, 101, 102, 103, 104, 107, 108], "summary": {"covered_lines": 8, "num_statements": 13, "percent_covered": 61.53846153846154, "percent_covered_display": "62", "missing_lines": 5, "excluded_lines": 0}, "missing_lines": [109, 110, 112, 113, 114], "excluded_lines": []}, "CacheManager.set": {"executed_lines": [132, 133, 135, 137, 138, 140, 143, 146, 149, 150, 154], "summary": {"covered_lines": 11, "num_statements": 16, "percent_covered": 68.75, "percent_covered_display": "69", "missing_lines": 5, "excluded_lines": 0}, "missing_lines": [144, 152, 156, 157, 158], "excluded_lines": []}, "CacheManager.delete": {"executed_lines": [169, 170, 172, 173], "summary": {"covered_lines": 4, "num_statements": 7, "percent_covered": 57.142857142857146, "percent_covered_display": "57", "missing_lines": 3, "excluded_lines": 0}, "missing_lines": [174, 175, 176], "excluded_lines": []}, "CacheManager.exists": {"executed_lines": [187, 188, 190, 191], "summary": {"covered_lines": 4, "num_statements": 7, "percent_covered": 57.142857142857146, "percent_covered_display": "57", "missing_lines": 3, "excluded_lines": 0}, "missing_lines": [192, 193, 194], "excluded_lines": []}, "CacheManager.clear_pattern": {"executed_lines": [205, 206, 208, 209, 210, 211], "summary": {"covered_lines": 6, "num_statements": 10, "percent_covered": 60.0, "percent_covered_display": "60", "missing_lines": 4, "excluded_lines": 0}, "missing_lines": [212, 213, 214, 215], "excluded_lines": []}, "CacheManager.increment": {"executed_lines": [227, 228, 230, 231], "summary": {"covered_lines": 4, "num_statements": 7, "percent_covered": 57.142857142857146, "percent_covered_display": "57", "missing_lines": 3, "excluded_lines": 0}, "missing_lines": [232, 233, 234], "excluded_lines": []}, "CacheManager.get_or_set": {"executed_lines": [], "summary": {"covered_lines": 0, "num_statements": 7, "percent_covered": 0.0, "percent_covered_display": "0", "missing_lines": 7, "excluded_lines": 0}, "missing_lines": [257, 258, 259, 262, 265, 266, 268], "excluded_lines": []}, "CacheManager.close": {"executed_lines": [], "summary": {"covered_lines": 0, "num_statements": 3, "percent_covered": 0.0, "percent_covered_display": "0", "missing_lines": 3, "excluded_lines": 0}, "missing_lines": [272, 273, 274], "excluded_lines": []}, "cached": {"executed_lines": [298, 299, 328], "summary": {"covered_lines": 3, "num_statements": 3, "percent_covered": 100.0, "percent_covered_display": "100", "missing_lines": 0, "excluded_lines": 1}, "missing_lines": [], "excluded_lines": [286]}, "cached.decorator": {"executed_lines": [300, 327], "summary": {"covered_lines": 2, "num_statements": 2, "percent_covered": 100.0, "percent_covered_display": "100", "missing_lines": 0, "excluded_lines": 0}, "missing_lines": [], "excluded_lines": []}, "cached.decorator.wrapper": {"executed_lines": [302, 303, 306, 307, 308, 309, 311, 314, 315, 316, 319, 322, 323, 325], "summary": {"covered_lines": 14, "num_statements": 15, "percent_covered": 93.33333333333333, "percent_covered_display": "93", "missing_lines": 1, "excluded_lines": 0}, "missing_lines": [310], "excluded_lines": []}, "": {"executed_lines": [1, 8, 9, 10, 11, 14, 15, 18, 19, 22, 23, 28, 34, 89, 116, 160, 178, 196, 217, 236, 270, 278, 281], "summary": {"covered_lines": 21, "num_statements": 21, "percent_covered": 100.0, "percent_covered_display": "100", "missing_lines": 0, "excluded_lines": 0}, "missing_lines": [], "excluded_lines": []}}, "classes": {"CacheManager": {"executed_lines": [30, 31, 32, 36, 37, 38, 41, 44, 46, 48, 49, 50, 51, 54, 61, 64, 65, 66, 98, 99, 101, 102, 103, 104, 107, 108, 132, 133, 135, 137, 138, 140, 143, 146, 149, 150, 154, 169, 170, 172, 173, 187, 188, 190, 191, 205, 206, 208, 209, 210, 211, 227, 228, 230, 231], "summary": {"covered_lines": 55, "num_statements": 94, "percent_covered": 58.51063829787234, "percent_covered_display": "59", "missing_lines": 39, "excluded_lines": 0}, "missing_lines": [73, 75, 79, 81, 83, 87, 109, 110, 112, 113, 114, 144, 152, 156, 157, 158, 174, 175, 176, 192, 193, 194, 212, 213, 214, 215, 232, 233, 234, 257, 258, 259, 262, 265, 266, 268, 272, 273, 274], "excluded_lines": []}, "": {"executed_lines": [1, 8, 9, 10, 11, 14, 15, 18, 19, 22, 23, 28, 34, 89, 116, 160, 178, 196, 217, 236, 270, 278, 281, 298, 299, 300, 302, 303, 306, 307, 308, 309, 311, 314, 315, 316, 319, 322, 323, 325, 327, 328], "summary": {"covered_lines": 40, "num_statements": 41, "percent_covered": 97.5609756097561, "percent_covered_display": "98", "missing_lines": 1, "excluded_lines": 1}, "missing_lines": [310], "excluded_lines": [286]}}}, "app/utils/config_loader.py": {"executed_lines": [1, 8, 9, 12, 15, 18, 19, 24, 30, 32, 34, 35, 37, 42, 55, 56, 59, 60, 61, 63, 64, 65, 67, 68, 71, 73, 78, 80, 81, 85, 94, 95, 96, 98, 104, 105, 107, 109, 110, 111, 113, 114, 115, 117, 119, 125, 126, 127, 129, 138, 139, 140, 142, 149, 152, 162, 163, 164], "summary": {"covered_lines": 56, "num_statements": 60, "percent_covered": 93.33333333333333, "percent_covered_display": "93", "missing_lines": 4, "excluded_lines": 0}, "missing_lines": [82, 83, 144, 145], "excluded_lines": [], "functions": {"ConfigLoader.__init__": {"executed_lines": [30, 32, 34, 35, 37], "summary": {"covered_lines": 5, "num_statements": 5, "percent_covered": 100.0, "percent_covered_display": "100", "missing_lines": 0, "excluded_lines": 0}, "missing_lines": [], "excluded_lines": []}, "ConfigLoader.load_yaml": {"executed_lines": [55, 56, 59, 60, 61, 63, 64, 65, 67, 68, 71, 73, 78, 80, 81], "summary": {"covered_lines": 15, "num_statements": 17, "percent_covered": 88.23529411764706, "percent_covered_display": "88", "missing_lines": 2, "excluded_lines": 0}, "missing_lines": [82, 83], "excluded_lines": []}, "ConfigLoader.load_engine_config": {"executed_lines": [94, 95, 96], "summary": {"covered_lines": 3, "num_statements": 3, "percent_covered": 100.0, "percent_covered_display": "100", "missing_lines": 0, "excluded_lines": 0}, "missing_lines": [], "excluded_lines": []}, "ConfigLoader.load_tool_config": {"executed_lines": [104, 105, 107, 109, 110, 111, 113, 114, 115, 117], "summary": {"covered_lines": 10, "num_statements": 10, "percent_covered": 100.0, "percent_covered_display": "100", "missing_lines": 0, "excluded_lines": 0}, "missing_lines": [], "excluded_lines": []}, "ConfigLoader.load_memory_config": {"executed_lines": [125, 126, 127], "summary": {"covered_lines": 3, "num_statements": 3, "percent_covered": 100.0, "percent_covered_display": "100", "missing_lines": 0, "excluded_lines": 0}, "missing_lines": [], "excluded_lines": []}, "ConfigLoader.load_voice_config": {"executed_lines": [138, 139, 140], "summary": {"covered_lines": 3, "num_statements": 3, "percent_covered": 100.0, "percent_covered_display": "100", "missing_lines": 0, "excluded_lines": 0}, "missing_lines": [], "excluded_lines": []}, "ConfigLoader.clear_cache": {"executed_lines": [], "summary": {"covered_lines": 0, "num_statements": 2, "percent_covered": 0.0, "percent_covered_display": "0", "missing_lines": 2, "excluded_lines": 0}, "missing_lines": [144, 145], "excluded_lines": []}, "get_config_loader": {"executed_lines": [162, 163, 164], "summary": {"covered_lines": 3, "num_statements": 3, "percent_covered": 100.0, "percent_covered_display": "100", "missing_lines": 0, "excluded_lines": 0}, "missing_lines": [], "excluded_lines": []}, "": {"executed_lines": [1, 8, 9, 12, 15, 18, 19, 24, 42, 85, 98, 119, 129, 142, 149, 152], "summary": {"covered_lines": 14, "num_statements": 14, "percent_covered": 100.0, "percent_covered_display": "100", "missing_lines": 0, "excluded_lines": 0}, "missing_lines": [], "excluded_lines": []}}, "classes": {"ConfigLoader": {"executed_lines": [30, 32, 34, 35, 37, 55, 56, 59, 60, 61, 63, 64, 65, 67, 68, 71, 73, 78, 80, 81, 94, 95, 96, 104, 105, 107, 109, 110, 111, 113, 114, 115, 117, 125, 126, 127, 138, 139, 140], "summary": {"covered_lines": 39, "num_statements": 43, "percent_covered": 90.69767441860465, "percent_covered_display": "91", "missing_lines": 4, "excluded_lines": 0}, "missing_lines": [82, 83, 144, 145], "excluded_lines": []}, "": {"executed_lines": [1, 8, 9, 12, 15, 18, 19, 24, 42, 85, 98, 119, 129, 142, 149, 152, 162, 163, 164], "summary": {"covered_lines": 17, "num_statements": 17, "percent_covered": 100.0, "percent_covered_display": "100", "missing_lines": 0, "excluded_lines": 0}, "missing_lines": [], "excluded_lines": []}}}, "app/utils/logger.py": {"executed_lines": [1, 8, 9, 10, 11, 12, 13, 16, 19, 22, 23, 27, 29, 32, 34, 37, 46, 47, 50, 56, 59, 62, 65, 66, 67, 68, 71, 72, 73, 74, 75, 82, 91, 94, 99, 110, 111, 120, 124, 127, 140], "summary": {"covered_lines": 39, "num_statements": 42, "percent_covered": 92.85714285714286, "percent_covered_display": "93", "missing_lines": 3, "excluded_lines": 0}, "missing_lines": [97, 134, 147], "excluded_lines": [], "functions": {"PlainTextFormatter.format": {"executed_lines": [32, 34], "summary": {"covered_lines": 2, "num_statements": 2, "percent_covered": 100.0, "percent_covered_display": "100", "missing_lines": 0, "excluded_lines": 0}, "missing_lines": [], "excluded_lines": []}, "setup_logging": {"executed_lines": [46, 47, 50, 56, 59, 62, 65, 66, 67, 68, 71, 72, 73, 74, 75, 82, 91, 94, 99, 110, 111, 120], "summary": {"covered_lines": 22, "num_statements": 23, "percent_covered": 95.65217391304348, "percent_covered_display": "96", "missing_lines": 1, "excluded_lines": 0}, "missing_lines": [97], "excluded_lines": []}, "log_function_call": {"executed_lines": [], "summary": {"covered_lines": 0, "num_statements": 1, "percent_covered": 0.0, "percent_covered_display": "0", "missing_lines": 1, "excluded_lines": 0}, "missing_lines": [134], "excluded_lines": []}, "log_error": {"executed_lines": [], "summary": {"covered_lines": 0, "num_statements": 1, "percent_covered": 0.0, "percent_covered_display": "0", "missing_lines": 1, "excluded_lines": 0}, "missing_lines": [147], "excluded_lines": []}, "": {"executed_lines": [1, 8, 9, 10, 11, 12, 13, 16, 19, 22, 23, 27, 29, 37, 124, 127, 140], "summary": {"covered_lines": 15, "num_statements": 15, "percent_covered": 100.0, "percent_covered_display": "100", "missing_lines": 0, "excluded_lines": 0}, "missing_lines": [], "excluded_lines": []}}, "classes": {"PlainTextFormatter": {"executed_lines": [32, 34], "summary": {"covered_lines": 2, "num_statements": 2, "percent_covered": 100.0, "percent_covered_display": "100", "missing_lines": 0, "excluded_lines": 0}, "missing_lines": [], "excluded_lines": []}, "": {"executed_lines": [1, 8, 9, 10, 11, 12, 13, 16, 19, 22, 23, 27, 29, 37, 46, 47, 50, 56, 59, 62, 65, 66, 67, 68, 71, 72, 73, 74, 75, 82, 91, 94, 99, 110, 111, 120, 124, 127, 140], "summary": {"covered_lines": 37, "num_statements": 40, "percent_covered": 92.5, "percent_covered_display": "92", "missing_lines": 3, "excluded_lines": 0}, "missing_lines": [97, 134, 147], "excluded_lines": []}}}, "app/utils/query_optimizer.py": {"executed_lines": [1, 8, 9, 12, 13, 16, 17, 20, 33, 34, 35, 37, 39, 40, 46, 47, 50, 63, 64, 65, 68, 70, 71, 74, 88, 89, 90, 92, 93, 96, 97, 98, 99, 101, 104, 105, 106, 107, 110, 113, 114, 116, 120, 124, 126, 127, 130, 173, 174, 179, 180, 197, 198, 212, 213], "summary": {"covered_lines": 53, "num_statements": 83, "percent_covered": 63.855421686746986, "percent_covered_display": "64", "missing_lines": 30, "excluded_lines": 2}, "missing_lines": [44, 100, 118, 121, 122, 143, 144, 145, 147, 148, 149, 150, 151, 153, 154, 157, 158, 159, 161, 162, 163, 165, 167, 169, 170, 190, 193, 195, 210, 224], "excluded_lines": [51, 131], "functions": {"eager_load": {"executed_lines": [33, 34, 47], "summary": {"covered_lines": 3, "num_statements": 3, "percent_covered": 100.0, "percent_covered_display": "100", "missing_lines": 0, "excluded_lines": 0}, "missing_lines": [], "excluded_lines": []}, "eager_load.decorator": {"executed_lines": [35, 46], "summary": {"covered_lines": 2, "num_statements": 2, "percent_covered": 100.0, "percent_covered_display": "100", "missing_lines": 0, "excluded_lines": 0}, "missing_lines": [], "excluded_lines": []}, "eager_load.decorator.wrapper": {"executed_lines": [37, 39, 40], "summary": {"covered_lines": 3, "num_statements": 4, "percent_covered": 75.0, "percent_covered_display": "75", "missing_lines": 1, "excluded_lines": 0}, "missing_lines": [44], "excluded_lines": []}, "use_index_hint": {"executed_lines": [63, 64, 71], "summary": {"covered_lines": 3, "num_statements": 3, "percent_covered": 100.0, "percent_covered_display": "100", "missing_lines": 0, "excluded_lines": 1}, "missing_lines": [], "excluded_lines": [51]}, "use_index_hint.decorator": {"executed_lines": [65, 70], "summary": {"covered_lines": 2, "num_statements": 2, "percent_covered": 100.0, "percent_covered_display": "100", "missing_lines": 0, "excluded_lines": 0}, "missing_lines": [], "excluded_lines": []}, "use_index_hint.decorator.wrapper": {"executed_lines": [68], "summary": {"covered_lines": 1, "num_statements": 1, "percent_covered": 100.0, "percent_covered_display": "100", "missing_lines": 0, "excluded_lines": 0}, "missing_lines": [], "excluded_lines": []}, "query_cache": {"executed_lines": [88, 89, 127], "summary": {"covered_lines": 3, "num_statements": 3, "percent_covered": 100.0, "percent_covered_display": "100", "missing_lines": 0, "excluded_lines": 0}, "missing_lines": [], "excluded_lines": []}, "query_cache.decorator": {"executed_lines": [90, 126], "summary": {"covered_lines": 2, "num_statements": 2, "percent_covered": 100.0, "percent_covered_display": "100", "missing_lines": 0, "excluded_lines": 0}, "missing_lines": [], "excluded_lines": []}, "query_cache.decorator.wrapper": {"executed_lines": [92, 93, 96, 97, 98, 99, 101, 104, 105, 106, 107, 110, 113, 114, 116, 120, 124], "summary": {"covered_lines": 17, "num_statements": 21, "percent_covered": 80.95238095238095, "percent_covered_display": "81", "missing_lines": 4, "excluded_lines": 0}, "missing_lines": [100, 118, 121, 122], "excluded_lines": []}, "batch_operation": {"executed_lines": [], "summary": {"covered_lines": 0, "num_statements": 3, "percent_covered": 0.0, "percent_covered_display": "0", "missing_lines": 3, "excluded_lines": 1}, "missing_lines": [143, 144, 170], "excluded_lines": [131]}, "batch_operation.decorator": {"executed_lines": [], "summary": {"covered_lines": 0, "num_statements": 2, "percent_covered": 0.0, "percent_covered_display": "0", "missing_lines": 2, "excluded_lines": 0}, "missing_lines": [145, 169], "excluded_lines": []}, "batch_operation.decorator.wrapper": {"executed_lines": [], "summary": {"covered_lines": 0, "num_statements": 15, "percent_covered": 0.0, "percent_covered_display": "0", "missing_lines": 15, "excluded_lines": 0}, "missing_lines": [147, 148, 149, 150, 151, 153, 154, 157, 158, 159, 161, 162, 163, 165, 167], "excluded_lines": []}, "QueryOptimizer.eager_load_relationships": {"executed_lines": [], "summary": {"covered_lines": 0, "num_statements": 3, "percent_covered": 0.0, "percent_covered_display": "0", "missing_lines": 3, "excluded_lines": 0}, "missing_lines": [190, 193, 195], "excluded_lines": []}, "QueryOptimizer.add_index_hint": {"executed_lines": [], "summary": {"covered_lines": 0, "num_statements": 1, "percent_covered": 0.0, "percent_covered_display": "0", "missing_lines": 1, "excluded_lines": 0}, "missing_lines": [210], "excluded_lines": []}, "QueryOptimizer.optimize_select": {"executed_lines": [], "summary": {"covered_lines": 0, "num_statements": 1, "percent_covered": 0.0, "percent_covered_display": "0", "missing_lines": 1, "excluded_lines": 0}, "missing_lines": [224], "excluded_lines": []}, "": {"executed_lines": [1, 8, 9, 12, 13, 16, 17, 20, 50, 74, 130, 173, 174, 179, 180, 197, 198, 212, 213], "summary": {"covered_lines": 17, "num_statements": 17, "percent_covered": 100.0, "percent_covered_display": "100", "missing_lines": 0, "excluded_lines": 0}, "missing_lines": [], "excluded_lines": []}}, "classes": {"QueryOptimizer": {"executed_lines": [], "summary": {"covered_lines": 0, "num_statements": 5, "percent_covered": 0.0, "percent_covered_display": "0", "missing_lines": 5, "excluded_lines": 0}, "missing_lines": [190, 193, 195, 210, 224], "excluded_lines": []}, "": {"executed_lines": [1, 8, 9, 12, 13, 16, 17, 20, 33, 34, 35, 37, 39, 40, 46, 47, 50, 63, 64, 65, 68, 70, 71, 74, 88, 89, 90, 92, 93, 96, 97, 98, 99, 101, 104, 105, 106, 107, 110, 113, 114, 116, 120, 124, 126, 127, 130, 173, 174, 179, 180, 197, 198, 212, 213], "summary": {"covered_lines": 53, "num_statements": 78, "percent_covered": 67.94871794871794, "percent_covered_display": "68", "missing_lines": 25, "excluded_lines": 2}, "missing_lines": [44, 100, 118, 121, 122, 143, 144, 145, 147, 148, 149, 150, 151, 153, 154, 157, 158, 159, 161, 162, 163, 165, 167, 169, 170], "excluded_lines": [51, 131]}}}, "app/utils/security.py": {"executed_lines": [1, 8, 9, 12, 13, 16, 17, 20, 23, 24, 25, 28, 37, 40, 50, 53, 66, 68, 69, 71, 73, 75, 81, 84, 93, 94, 96, 98, 104, 107, 116, 117, 122, 123, 124, 125, 128, 137, 139, 144, 145, 146, 147], "summary": {"covered_lines": 42, "num_statements": 42, "percent_covered": 100.0, "percent_covered_display": "100", "missing_lines": 0, "excluded_lines": 0}, "missing_lines": [], "excluded_lines": [], "functions": {"hash_password": {"executed_lines": [37], "summary": {"covered_lines": 1, "num_statements": 1, "percent_covered": 100.0, "percent_covered_display": "100", "missing_lines": 0, "excluded_lines": 0}, "missing_lines": [], "excluded_lines": []}, "verify_password": {"executed_lines": [50], "summary": {"covered_lines": 1, "num_statements": 1, "percent_covered": 100.0, "percent_covered_display": "100", "missing_lines": 0, "excluded_lines": 0}, "missing_lines": [], "excluded_lines": []}, "create_access_token": {"executed_lines": [66, 68, 69, 71, 73, 75, 81], "summary": {"covered_lines": 7, "num_statements": 7, "percent_covered": 100.0, "percent_covered_display": "100", "missing_lines": 0, "excluded_lines": 0}, "missing_lines": [], "excluded_lines": []}, "create_refresh_token": {"executed_lines": [93, 94, 96, 98, 104], "summary": {"covered_lines": 5, "num_statements": 5, "percent_covered": 100.0, "percent_covered_display": "100", "missing_lines": 0, "excluded_lines": 0}, "missing_lines": [], "excluded_lines": []}, "verify_token": {"executed_lines": [116, 117, 122, 123, 124, 125], "summary": {"covered_lines": 6, "num_statements": 6, "percent_covered": 100.0, "percent_covered_display": "100", "missing_lines": 0, "excluded_lines": 0}, "missing_lines": [], "excluded_lines": []}, "decode_token": {"executed_lines": [137, 139, 144, 145, 146, 147], "summary": {"covered_lines": 6, "num_statements": 6, "percent_covered": 100.0, "percent_covered_display": "100", "missing_lines": 0, "excluded_lines": 0}, "missing_lines": [], "excluded_lines": []}, "": {"executed_lines": [1, 8, 9, 12, 13, 16, 17, 20, 23, 24, 25, 28, 40, 53, 84, 107, 128], "summary": {"covered_lines": 16, "num_statements": 16, "percent_covered": 100.0, "percent_covered_display": "100", "missing_lines": 0, "excluded_lines": 0}, "missing_lines": [], "excluded_lines": []}}, "classes": {"": {"executed_lines": [1, 8, 9, 12, 13, 16, 17, 20, 23, 24, 25, 28, 37, 40, 50, 53, 66, 68, 69, 71, 73, 75, 81, 84, 93, 94, 96, 98, 104, 107, 116, 117, 122, 123, 124, 125, 128, 137, 139, 144, 145, 146, 147], "summary": {"covered_lines": 42, "num_statements": 42, "percent_covered": 100.0, "percent_covered_display": "100", "missing_lines": 0, "excluded_lines": 0}, "missing_lines": [], "excluded_lines": []}}}}, "totals": {"covered_lines": 2711, "num_statements": 4208, "percent_covered": 64.42490494296578, "percent_covered_display": "64", "missing_lines": 1497, "excluded_lines": 5}}